2026-03-02 15:31:12,368 | INFO | === START RUN ===
2026-03-02 15:31:17,165 | INFO | bands=['VV', 'VH', 'angle', 'VVVH_ratio', 'VV_Difference']
2026-03-02 15:31:17,166 | INFO | n_images=114
2026-03-02 15:39:52,882 | INFO | === START RUN ===
2026-03-02 15:39:58,741 | INFO | bands=['VV', 'VH', 'angle', 'VVVH_ratio', 'VV_Difference']
2026-03-02 15:39:58,742 | INFO | n_images=114
2026-03-02 15:41:13,038 | INFO | === START RUN ===
2026-03-02 15:41:17,068 | INFO | bands=['VV', 'VH', 'angle', 'VVVH_ratio', 'VV_Difference']
2026-03-02 15:41:17,069 | INFO | n_images=114
2026-03-03 16:48:03,542 | INFO | === START RUN ===
2026-03-03 16:49:30,374 | INFO | bands=['VV', 'VH', 'angle', 'VVVH_ratio', 'VV_Difference']
2026-03-03 16:49:30,374 | INFO | n_images=114
2026-03-04 10:07:28,417 | INFO | === START RUN ===
2026-03-04 10:08:31,154 | INFO | bands=['VV', 'VH', 'angle', 'VVVH_ratio', 'VV_Difference']
2026-03-04 10:08:31,154 | INFO | n_images=114
2026-03-04 10:08:36,504 | INFO | === START RUN ===
2026-03-04 10:08:40,185 | INFO | bands=['VV', 'VH', 'angle', 'VVVH_ratio', 'VV_Difference']
2026-03-04 10:08:40,185 | INFO | n_images=114
2026-03-04 10:14:13,774 | INFO | === START RUN ===
2026-03-04 10:14:17,562 | INFO | bands=['VV', 'VH', 'angle', 'VVVH_ratio', 'VV_Difference']
2026-03-04 10:14:17,562 | INFO | n_images=114
2026-03-04 11:35:48,856 | INFO | === START RUN ===
2026-03-04 11:35:52,089 | INFO | bands=['VV', 'VH', 'angle', 'VVVH_ratio', 'VV_Difference']
2026-03-04 11:35:52,089 | INFO | n_images=92
2026-03-04 11:45:10,072 | INFO | === START RUN ===
2026-03-04 11:45:16,729 | INFO | bands=['VV', 'VH', 'angle', 'VVVH_ratio', 'VV_Difference']
2026-03-04 11:45:16,734 | INFO | n_images=92
2026-03-04 12:18:05,556 | INFO | === START RUN ===
2026-03-04 12:18:09,116 | INFO | bands=['VV', 'VH', 'angle', 'VVVH_ratio', 'VV_Difference']
2026-03-04 12:18:09,116 | INFO | n_images=61
2026-03-05 07:03:09,406 | INFO | === START RUN ===
2026-03-05 07:04:03,837 | INFO | bands=['VV', 'VH', 'angle', 'VVVH_ratio', 'VV_Difference']
2026-03-05 07:04:03,843 | INFO | n_images=6
2026-03-05 07:05:57,560 | INFO | === START RUN ===
2026-03-05 07:06:05,018 | INFO | bands=['VV', 'VH', 'angle', 'VVVH_ratio', 'VV_Difference']
2026-03-05 07:06:05,018 | INFO | n_images=6
2026-03-05 07:07:42,358 | INFO | === START RUN ===
2026-03-05 07:07:45,527 | INFO | bands=['VV', 'VH', 'angle', 'VVVH_ratio', 'VV_Difference']
2026-03-05 07:07:45,527 | INFO | n_images=20
2026-03-05 07:11:46,717 | INFO | === START RUN ===
2026-03-05 07:11:49,957 | INFO | bands=['VV', 'VH', 'angle', 'VVVH_ratio', 'VV_Difference']
2026-03-05 07:11:49,957 | INFO | n_images=60
2026-03-05 07:12:54,459 | INFO | === START RUN ===
2026-03-05 07:12:57,887 | INFO | bands=['VV', 'VH', 'angle', 'VVVH_ratio', 'VV_Difference']
2026-03-05 07:12:57,887 | INFO | n_images=92
2026-03-05 07:18:33,986 | INFO | === START RUN ===
2026-03-05 07:18:37,777 | INFO | bands=['VV', 'VH', 'angle', 'VVVH_ratio', 'VV_Difference']
2026-03-05 07:18:37,777 | INFO | n_images=114
2026-03-05 07:24:29,237 | INFO | === START RUN ===
2026-03-05 07:24:33,395 | INFO | bands=['VV', 'VH', 'angle', 'VVVH_ratio', 'VV_Difference']
2026-03-05 07:24:33,395 | INFO | n_images=103
2026-03-09 13:09:39,220 | INFO | === START RUN ===
2026-03-09 13:10:48,402 | INFO | bands=['VV', 'VH', 'angle', 'VVVH_ratio', 'VV_Difference']
2026-03-09 13:10:48,404 | INFO | n_images=6
2026-03-09 16:17:08,140 | INFO | === START RUN ===
2026-03-09 16:17:10,561 | INFO | bands=['VV', 'VH', 'angle', 'VVVH_ratio', 'VV_Difference']
2026-03-09 16:17:10,561 | INFO | n_images=20
2026-03-09 16:23:57,202 | INFO | === START RUN ===
2026-03-09 16:23:59,117 | INFO | bands=['VV', 'VH', 'angle', 'VVVH_ratio', 'VV_Difference']
2026-03-09 16:23:59,117 | INFO | n_images=20
2026-03-09 16:24:48,616 | INFO | === START RUN ===
2026-03-09 16:24:51,852 | INFO | bands=['VV', 'VH', 'angle', 'VVVH_ratio', 'VV_Difference']
2026-03-09 16:24:51,852 | INFO | n_images=20
2026-03-09 16:25:30,586 | INFO | === START RUN ===
2026-03-09 16:25:33,506 | INFO | bands=['VV', 'VH', 'angle', 'VVVH_ratio', 'VV_Difference']
2026-03-09 16:25:33,506 | INFO | n_images=60
2026-03-09 16:31:44,795 | INFO | === START RUN ===
2026-03-09 16:31:47,545 | INFO | bands=['VV', 'VH', 'angle', 'VVVH_ratio', 'VV_Difference']
2026-03-09 16:31:47,545 | INFO | n_images=92
2026-03-09 16:39:43,077 | INFO | === START RUN ===
2026-03-09 16:39:46,583 | INFO | bands=['VV', 'VH', 'angle', 'VVVH_ratio', 'VV_Difference']
2026-03-09 16:39:46,583 | INFO | n_images=114
2026-03-09 16:52:53,891 | INFO | === START RUN ===
2026-03-09 16:52:55,931 | INFO | bands=['VV', 'VH', 'angle', 'VVVH_ratio', 'VV_Difference']
2026-03-09 16:52:55,931 | INFO | n_images=103
2026-03-10 10:57:40,695 | INFO | === START RUN ===
2026-03-10 10:58:58,104 | INFO | === START RUN ===
2026-03-10 10:59:34,132 | INFO | === START RUN ===
2026-03-10 10:59:57,484 | INFO | bands=['VV', 'VH', 'angle', 'VVVH_ratio', 'VV_Difference']
2026-03-10 10:59:57,487 | INFO | n_images=92
2026-03-10 11:45:33,135 | INFO | Procesando subcarpeta S1_2015_05 con 2 TIFF
2026-03-10 11:45:33,138 | INFO | Procesando archivo S1_2015_1.tif
2026-03-10 11:45:35,285 | INFO | Procesando archivo S1_2015_2.tif
2026-03-10 11:45:37,555 | INFO | Procesando subcarpeta S1_2015_09 con 1 TIFF
2026-03-10 11:45:37,555 | INFO | Procesando archivo S1_2015_4.tif
2026-03-10 11:45:39,989 | INFO | Procesando subcarpeta S1_2015_11 con 1 TIFF
2026-03-10 11:45:39,989 | INFO | Procesando archivo S1_2015_5.tif
2026-03-10 11:45:42,265 | INFO | Procesando subcarpeta S1_2016_03 con 1 TIFF
2026-03-10 11:45:42,265 | INFO | Procesando archivo S1_2016_2.tif
2026-03-10 11:45:44,610 | INFO | Procesando subcarpeta S1_2016_09 con 2 TIFF
2026-03-10 11:45:44,610 | INFO | Procesando archivo S1_2016_6.tif
2026-03-10 11:45:46,975 | INFO | Procesando archivo S1_2016_7.tif
2026-03-10 11:45:49,178 | INFO | Procesando subcarpeta S1_2016_11 con 2 TIFF
2026-03-10 11:45:49,180 | INFO | Procesando archivo S1_2016_13.tif
2026-03-10 11:45:51,367 | INFO | Procesando archivo S1_2016_16.tif
2026-03-10 11:45:53,539 | INFO | Procesando subcarpeta S1_2016_12 con 1 TIFF
2026-03-10 11:45:53,539 | INFO | Procesando archivo S1_2016_19.tif
2026-03-10 11:45:55,946 | INFO | Procesando subcarpeta S1_2017_05 con 2 TIFF
2026-03-10 11:45:55,946 | INFO | Procesando archivo S1_2017_22.tif
2026-03-10 11:45:58,517 | INFO | Procesando archivo S1_2017_25.tif
2026-03-10 11:46:00,937 | INFO | Procesando subcarpeta S1_2019_01 con 6 TIFF
2026-03-10 11:46:00,937 | INFO | Procesando archivo S1_2019_0 (1).tif
2026-03-10 11:46:02,739 | INFO | Procesando archivo S1_2019_0.tif
2026-03-10 11:46:04,554 | INFO | Procesando archivo S1_2019_1 (1).tif
2026-03-10 11:46:06,490 | INFO | Procesando archivo S1_2019_1.tif
2026-03-10 11:46:08,601 | INFO | Procesando archivo S1_2019_2.tif
2026-03-10 11:46:10,667 | INFO | Procesando archivo S1_2019_3.tif
2026-03-10 11:46:12,827 | INFO | Procesando subcarpeta S1_2019_02 con 4 TIFF
2026-03-10 11:46:12,831 | INFO | Procesando archivo S1_2019_4.tif
2026-03-10 11:46:14,975 | INFO | Procesando archivo S1_2019_5.tif
2026-03-10 11:46:17,600 | INFO | Procesando archivo S1_2019_8.tif
2026-03-10 11:46:19,495 | INFO | Procesando archivo S1_2019_9.tif
2026-03-10 11:46:21,720 | INFO | Procesando subcarpeta S1_2019_03 con 6 TIFF
2026-03-10 11:46:21,720 | INFO | Procesando archivo S1_2019_12.tif
2026-03-10 11:46:23,607 | INFO | Procesando archivo S1_2019_13.tif
2026-03-10 11:46:26,220 | INFO | Procesando archivo S1_2019_16.tif
2026-03-10 11:46:28,161 | INFO | Procesando archivo S1_2019_17.tif
2026-03-10 11:46:30,375 | INFO | Procesando archivo S1_2019_20.tif
2026-03-10 11:46:32,775 | INFO | Procesando archivo S1_2019_21.tif
2026-03-10 11:46:35,565 | INFO | Procesando subcarpeta S1_2019_04 con 4 TIFF
2026-03-10 11:46:35,566 | INFO | Procesando archivo S1_2019_24.tif
2026-03-10 11:46:37,417 | INFO | Procesando archivo S1_2019_25.tif
2026-03-10 11:46:39,355 | INFO | Procesando archivo S1_2019_26.tif
2026-03-10 11:46:41,173 | INFO | Procesando archivo S1_2019_27.tif
2026-03-10 11:46:43,275 | INFO | Procesando subcarpeta S1_2019_08 con 4 TIFF
2026-03-10 11:46:43,279 | INFO | Procesando archivo S1_2019_46.tif
2026-03-10 11:46:45,221 | INFO | Procesando archivo S1_2019_47.tif
2026-03-10 11:46:47,130 | INFO | Procesando archivo S1_2019_49.tif
2026-03-10 11:46:49,155 | INFO | Procesando archivo S1_2019_50.tif
2026-03-10 11:46:51,636 | INFO | Procesando subcarpeta S1_2020_02 con 4 TIFF
2026-03-10 11:46:51,639 | INFO | Procesando archivo S1_2020_11.tif
2026-03-10 11:46:53,397 | INFO | Procesando archivo S1_2020_12.tif
2026-03-10 11:46:56,299 | INFO | Procesando archivo S1_2020_15.tif
2026-03-10 11:46:57,893 | INFO | Procesando archivo S1_2020_16.tif
2026-03-10 11:47:00,055 | INFO | Procesando subcarpeta S1_2020_03 con 4 TIFF
2026-03-10 11:47:00,055 | INFO | Procesando archivo S1_2020_19.tif
2026-03-10 11:47:02,114 | INFO | Procesando archivo S1_2020_20.tif
2026-03-10 11:47:04,501 | INFO | Procesando archivo S1_2020_23.tif
2026-03-10 11:47:06,469 | INFO | Procesando archivo S1_2020_24.tif
2026-03-10 11:47:08,925 | INFO | Procesando subcarpeta S1_2020_04 con 6 TIFF
2026-03-10 11:47:08,925 | INFO | Procesando archivo S1_2020_26.tif
2026-03-10 11:47:10,609 | INFO | Procesando archivo S1_2020_27.tif
2026-03-10 11:47:12,710 | INFO | Procesando archivo S1_2020_30.tif
2026-03-10 11:47:14,295 | INFO | Procesando archivo S1_2020_31.tif
2026-03-10 11:47:16,525 | INFO | Procesando archivo S1_2020_34.tif
2026-03-10 11:47:18,159 | INFO | Procesando archivo S1_2020_35.tif
2026-03-10 11:47:20,742 | INFO | Procesando subcarpeta S1_2020_08 con 4 TIFF
2026-03-10 11:47:20,743 | INFO | Procesando archivo S1_2020_69.tif
2026-03-10 11:47:22,468 | INFO | Procesando archivo S1_2020_70.tif
2026-03-10 11:47:24,625 | INFO | Procesando archivo S1_2020_73.tif
2026-03-10 11:47:26,210 | INFO | Procesando archivo S1_2020_74.tif
2026-03-10 11:47:29,028 | INFO | Procesando subcarpeta S1_2020_11 con 6 TIFF
2026-03-10 11:47:29,028 | INFO | Procesando archivo S1_2020_100.tif
2026-03-10 11:47:30,645 | INFO | Procesando archivo S1_2020_101.tif
2026-03-10 11:47:32,730 | INFO | Procesando archivo S1_2020_104.tif
2026-03-10 11:47:34,816 | INFO | Procesando archivo S1_2020_105.tif
2026-03-10 11:47:37,082 | INFO | Procesando archivo S1_2020_96.tif
2026-03-10 11:47:38,801 | INFO | Procesando archivo S1_2020_97.tif
2026-03-10 11:47:41,015 | INFO | Procesando subcarpeta S1_2021_02 con 4 TIFF
2026-03-10 11:47:41,015 | INFO | Procesando archivo S1_2021_12.tif
2026-03-10 11:47:43,276 | INFO | Procesando archivo S1_2021_13.tif
2026-03-10 11:47:45,355 | INFO | Procesando archivo S1_2021_16.tif
2026-03-10 11:47:47,255 | INFO | Procesando archivo S1_2021_17.tif
2026-03-10 11:47:49,375 | INFO | Procesando subcarpeta S1_2021_03 con 2 TIFF
2026-03-10 11:47:49,375 | INFO | Procesando archivo S1_2021_20.tif
2026-03-10 11:47:51,240 | INFO | Procesando archivo S1_2021_21.tif
2026-03-10 11:47:53,984 | INFO | Procesando subcarpeta S1_2021_04 con 4 TIFF
2026-03-10 11:47:53,984 | INFO | Procesando archivo S1_2021_24.tif
2026-03-10 11:47:55,910 | INFO | Procesando archivo S1_2021_25.tif
2026-03-10 11:47:58,828 | INFO | Procesando archivo S1_2021_28.tif
2026-03-10 11:48:00,846 | INFO | Procesando archivo S1_2021_29.tif
2026-03-10 11:48:03,044 | INFO | Procesando subcarpeta S1_2021_05 con 6 TIFF
2026-03-10 11:48:03,044 | INFO | Procesando archivo S1_2021_32.tif
2026-03-10 11:48:05,415 | INFO | Procesando archivo S1_2021_33.tif
2026-03-10 11:48:07,496 | INFO | Procesando archivo S1_2021_36.tif
2026-03-10 11:48:09,588 | INFO | Procesando archivo S1_2021_37.tif
2026-03-10 11:48:12,020 | INFO | Procesando archivo S1_2021_40.tif
2026-03-10 11:48:13,869 | INFO | Procesando archivo S1_2021_41.tif
2026-03-10 11:48:16,029 | INFO | Procesando subcarpeta S1_2021_09 con 6 TIFF
2026-03-10 11:48:16,031 | INFO | Procesando archivo S1_2021_72.tif
2026-03-10 11:48:17,765 | INFO | Procesando archivo S1_2021_73.tif
2026-03-10 11:48:19,850 | INFO | Procesando archivo S1_2021_76.tif
2026-03-10 11:48:21,805 | INFO | Procesando archivo S1_2021_77.tif
2026-03-10 11:48:23,642 | INFO | Procesando archivo S1_2021_80.tif
2026-03-10 11:48:25,565 | INFO | Procesando archivo S1_2021_81.tif
2026-03-10 11:48:27,720 | INFO | Procesando subcarpeta S1_2021_10 con 2 TIFF
2026-03-10 11:48:27,720 | INFO | Procesando archivo S1_2021_83.tif
2026-03-10 11:48:29,635 | INFO | Procesando archivo S1_2021_84.tif
2026-03-27 09:29:20,306 | INFO | === START RUN ===
2026-03-27 09:30:14,809 | INFO | bands=['VV', 'VH', 'angle', 'VVVH_ratio', 'VV_Difference']
2026-03-27 09:30:14,809 | INFO | n_images=20
2026-03-27 16:18:31,001 | INFO | === START RUN ===
2026-03-27 16:18:39,707 | INFO | bands=['VV', 'VH', 'angle', 'VVVH_ratio', 'VV_Difference', 'VH_Difference', 'VHVV_Difference']
2026-03-27 16:18:39,707 | INFO | n_images=13
2026-03-27 16:28:29,773 | INFO | === START RUN ===
2026-03-27 16:28:59,903 | INFO | Config cargado: {'year': 2016, 'orbit': 'ASCENDING', 'eps': 1e-10, 'kernel_size': 7, 'dem_id': 'USGS/SRTMGL1_003', 'window_days': 2, 'start_date': '2016-01-01', 'end_date': '2017-01-01', 'mosaic_reducer': 'median', 'pre_max_gap_days': 60}
2026-03-27 16:28:59,911 | INFO | AOI cargado desde: D:\Maestria_Geomatica\Semestre_IV\Tesis_Python\Datos\SHP\AOI_25_09_19.shp
2026-03-27 16:32:04,347 | INFO | N imágenes finales: 13
2026-03-27 16:32:04,348 | INFO | Bandas finales: ['VV', 'VH', 'angle', 'VVVH_ratio', 'VV_Difference', 'VH_Difference', 'VHVV_Difference']
2026-03-27 16:32:56,050 | INFO | Tareas exportadas: 5
2026-03-27 16:32:56,050 | INFO | === END RUN ===
2026-04-17 16:27:50,640 | INFO | === START RUN ===
2026-04-17 16:37:30,834 | INFO | === START RUN ===
2026-04-17 16:37:41,499 | INFO | Config cargado: {'year': 2016, 'orbit': 'ASCENDING', 'eps': 1e-10, 'kernel_size': 7, 'dem_id': 'USGS/SRTMGL1_003', 'window_days': 2, 'start_date': '2017-01-01', 'end_date': '2017-01-31', 'mosaic_reducer': 'median', 'pre_max_gap_days': 60}
2026-04-17 16:37:42,239 | INFO | AOI cargado desde: D:\Maestria_Geomatica\Semestre_IV\Tesis_Python\Datos\SHP\AOI_25_09_19.shp
2026-04-17 16:38:29,532 | INFO | N imágenes finales: 1
2026-04-17 16:38:29,532 | INFO | Bandas finales: ['VV', 'VH', 'angle', 'VVVH_ratio', 'VV_Difference', 'VH_Difference', 'VHVV_Difference']
2026-04-17 16:38:36,688 | INFO | Tareas exportadas: 1
2026-04-17 16:38:36,693 | INFO | === END RUN ===
2026-04-17 17:11:26,218 | INFO | === START RUN ===
2026-04-17 17:11:27,229 | INFO | Config cargado: {'year': 2016, 'orbit': 'ASCENDING', 'eps': 1e-10, 'kernel_size': 7, 'dem_id': 'USGS/SRTMGL1_003', 'window_days': 2, 'start_date': '2017-01-01', 'end_date': '2017-01-31', 'mosaic_reducer': 'median', 'pre_max_gap_days': 60}
2026-04-17 17:11:27,240 | INFO | AOI cargado desde: D:\Maestria_Geomatica\Semestre_IV\Tesis_Python\Datos\SHP\AOI_25_09_19.shp
2026-04-17 17:11:47,351 | INFO | N imágenes finales: 1
2026-04-17 17:11:47,351 | INFO | Bandas finales: ['VV', 'VH', 'angle', 'VVVH_ratio', 'VV_Difference', 'VH_Difference', 'VHVV_Difference']
2026-04-17 17:11:56,030 | INFO | Tareas exportadas: 1
2026-04-17 17:11:56,030 | INFO | === END RUN ===
2026-04-20 15:47:25,147 | INFO | === START RUN ===
2026-04-20 15:48:09,220 | INFO | Config cargado: {'year': 2016, 'orbit': 'ASCENDING', 'eps': 1e-10, 'kernel_size': 7, 'dem_id': 'USGS/SRTMGL1_003', 'window_days': 2, 'start_date': '2017-01-01', 'end_date': '2017-01-31', 'mosaic_reducer': 'median', 'pre_max_gap_days': 60}
2026-04-20 15:48:09,953 | INFO | AOI cargado desde: D:\Maestria_Geomatica\Semestre_IV\Tesis_Python\Datos\SHP\AOI_25_09_19.shp
2026-04-20 15:48:29,998 | INFO | N imágenes finales: 1
2026-04-20 15:48:29,998 | INFO | Bandas finales: ['VV', 'VH', 'angle', 'VVVH_ratio', 'VV_Difference', 'VH_Difference', 'VHVV_Difference']
2026-04-20 15:48:36,197 | INFO | Tareas exportadas: 1
2026-04-20 15:48:36,197 | INFO | === END RUN ===
2026-04-20 16:26:58,120 | INFO | === START RUN ===
2026-04-20 16:30:08,810 | INFO | N imágenes finales: 1
2026-04-20 16:30:08,810 | INFO | Bandas finales: ['VV', 'VH', 'angle', 'VVVH_ratio', 'VV_Difference', 'VH_Difference', 'VHVV_Difference']
2026-04-20 16:30:16,658 | INFO | Tareas exportadas: 1
2026-04-20 16:30:16,660 | INFO | === END RUN ===
2026-04-21 09:46:37,950 | INFO | === START RUN ===
2026-04-21 09:47:51,440 | INFO | === START RUN ===
2026-04-21 09:47:53,723 | INFO | Config cargado: {'year': 2016, 'orbit': 'ASCENDING', 'eps': 1e-10, 'kernel_size': 7, 'dem_id': 'USGS/SRTMGL1_003', 'window_days': 2, 'start_date': '2017-01-01', 'end_date': '2017-01-31', 'mosaic_reducer': 'median', 'pre_max_gap_days': 60}
2026-04-21 09:47:54,639 | INFO | AOI cargado desde: D:\Maestria_Geomatica\Semestre_IV\Tesis_Python\Datos\SHP\AOI_25_09_19.shp
2026-04-21 09:48:55,720 | INFO | N imágenes finales: 2
2026-04-21 09:48:55,721 | INFO | Bandas finales: ['VV', 'VH', 'angle', 'VVVH_ratio']
2026-04-21 09:49:04,878 | INFO | Tareas exportadas: 2
2026-04-21 09:49:04,878 | INFO | === END RUN ===
2026-04-21 11:31:02,791 | INFO | === START RUN ===
2026-04-21 11:31:06,490 | INFO | Config cargado: {'year': 2016, 'orbit': 'ASCENDING', 'eps': 1e-10, 'kernel_size': 7, 'dem_id': 'USGS/SRTMGL1_003', 'window_days': 2, 'start_date': '2017-01-01', 'end_date': '2017-01-31', 'mosaic_reducer': 'median', 'pre_max_gap_days': 60}
2026-04-21 11:31:06,545 | INFO | AOI cargado desde: D:\Maestria_Geomatica\Semestre_IV\Tesis_Python\Datos\SHP\AOI_25_09_19.shp
2026-04-21 11:33:42,900 | INFO | === START RUN ===
2026-04-21 11:33:45,036 | INFO | Config cargado: {'year': 2016, 'orbit': 'ASCENDING', 'eps': 1e-10, 'kernel_size': 7, 'dem_id': 'USGS/SRTMGL1_003', 'window_days': 2, 'start_date': '2017-01-01', 'end_date': '2017-01-31', 'mosaic_reducer': 'median', 'pre_max_gap_days': 60}
2026-04-21 11:33:45,090 | INFO | AOI cargado desde: D:\Maestria_Geomatica\Semestre_IV\Tesis_Python\Datos\SHP\AOI_25_09_19.shp
2026-04-21 11:34:38,581 | INFO | N imágenes finales: 2
2026-04-21 11:34:38,581 | INFO | Bandas finales: ['VV', 'VH', 'angle', 'VVVH_ratio']
2026-04-21 11:34:45,976 | INFO | Tareas exportadas: 2
2026-04-21 11:34:45,976 | INFO | === END RUN ===
2026-04-21 11:35:05,021 | INFO | === START RUN ===
2026-04-21 11:35:07,837 | INFO | Config cargado: {'year': 2017, 'orbit': 'ASCENDING', 'relative_orbit': None, 'eps': 1e-10, 'kernel_size': 7, 'dem_id': 'USGS/SRTMGL1_003', 'window_days': 2, 'start_date': '2017-01-01', 'end_date': '2017-01-31', 'mosaic_reducer': 'median', 'pre_max_gap_days': 60}
2026-04-21 11:35:07,889 | INFO | AOI cargado desde: D:\Maestria_Geomatica\Semestre_IV\Tesis_Python\Datos\SHP\AOI_25_09_19.shp
2026-04-21 11:35:58,607 | INFO | N imágenes finales: 2
2026-04-21 11:35:58,609 | INFO | Bandas finales: ['VV', 'VH', 'angle', 'VVVH_ratio']
2026-04-21 11:36:04,168 | INFO | Tareas exportadas: 2
2026-04-21 11:36:04,169 | INFO | === END RUN ===
2026-04-21 15:48:46,812 | INFO | === START RUN ===
2026-04-21 15:48:50,430 | INFO | Config cargado: {'year': 2017, 'orbit': 'ASCENDING', 'relative_orbit': None, 'eps': 1e-10, 'kernel_size': 7, 'dem_id': 'USGS/SRTMGL1_003', 'window_days': 6, 'start_date': '2017-01-01', 'end_date': '2017-01-31', 'mosaic_reducer': 'median', 'pre_max_gap_days': 60, 'coverage_scale': 30, 'min_overlap_pixels': 1000, 'min_overlap_fraction_of_post': 0.2}
2026-04-21 15:48:52,212 | INFO | AOI cargado desde: D:\Maestria_Geomatica\Semestre_IV\Tesis_Python\Datos\SHP\AOI_25_09_19.shp
2026-04-21 15:51:03,465 | INFO | === START RUN ===
2026-04-21 15:51:05,398 | INFO | Config cargado: {'year': 2017, 'orbit': 'ASCENDING', 'relative_orbit': None, 'eps': 1e-10, 'kernel_size': 7, 'dem_id': 'USGS/SRTMGL1_003', 'window_days': 6, 'start_date': '2017-01-01', 'end_date': '2017-01-31', 'mosaic_reducer': 'median', 'pre_max_gap_days': 60, 'coverage_scale': 30, 'min_overlap_pixels': 1000, 'min_overlap_fraction_of_post': 0.2}
2026-04-21 15:51:05,452 | INFO | AOI cargado desde: D:\Maestria_Geomatica\Semestre_IV\Tesis_Python\Datos\SHP\AOI_25_09_19.shp
2026-04-21 15:52:22,177 | INFO | N imágenes finales: 2
2026-04-21 15:52:22,178 | INFO | Bandas finales: ['VV', 'VH', 'angle', 'VVVH_ratio', 'VV_Difference', 'VH_Difference', 'VHVV_Difference']
2026-04-21 15:52:32,241 | INFO | Tareas exportadas: 2
2026-04-21 15:52:32,243 | INFO | === END RUN ===
2026-04-27 13:07:59,779 | INFO | === START RUN ===
2026-04-27 13:09:23,858 | INFO | Config cargado: {'year': 2017, 'orbit': 'ASCENDING', 'relative_orbit': None, 'eps': 1e-10, 'kernel_size': 7, 'dem_id': 'USGS/SRTMGL1_003', 'window_days': 6, 'start_date': '2017-02-01', 'end_date': '2017-02-28', 'mosaic_reducer': 'median', 'pre_max_gap_days': 60, 'coverage_scale': 30, 'min_overlap_pixels': 1000, 'min_overlap_fraction_of_post': 0.2}
2026-04-27 13:09:26,054 | INFO | AOI cargado desde: D:\Maestria_Geomatica\Semestre_IV\Tesis_Python\Datos\SHP\AOI_25_09_19.shp
2026-04-27 13:11:18,901 | INFO | N imágenes finales: 3
2026-04-27 13:11:18,902 | INFO | Bandas finales: ['VV', 'VH', 'angle', 'VVVH_ratio', 'VV_Difference', 'VH_Difference', 'VHVV_Difference']
2026-04-27 13:11:32,169 | INFO | Tareas exportadas: 3
2026-04-27 13:11:32,170 | INFO | === END RUN ===
2026-04-27 17:10:16,109 | INFO | === START RUN ===
2026-04-27 17:10:18,465 | INFO | Config cargado: {'year': 2017, 'orbit': 'ASCENDING', 'relative_orbit': None, 'eps': 1e-10, 'kernel_size': 7, 'dem_id': 'USGS/SRTMGL1_003', 'window_days': 6, 'start_date': '2017-03-01', 'end_date': '2017-03-31', 'mosaic_reducer': 'median', 'pre_max_gap_days': 60, 'coverage_scale': 30, 'min_overlap_pixels': 1000, 'min_overlap_fraction_of_post': 0.2}
2026-04-27 17:10:19,119 | INFO | AOI cargado desde: D:\Maestria_Geomatica\Semestre_IV\Tesis_Python\Datos\SHP\AOI_25_09_19.shp
2026-04-27 17:11:15,795 | WARNING | Sleeping 0.88 seconds before retry 1 of 5 for request: POST https://earthengine.googleapis.com/v1/projects/432997572555/value:compute?prettyPrint=false&alt=json, after 429
2026-04-27 17:11:17,113 | WARNING | Sleeping 1.47 seconds before retry 2 of 5 for request: POST https://earthengine.googleapis.com/v1/projects/432997572555/value:compute?prettyPrint=false&alt=json, after 429
2026-04-27 17:11:19,079 | WARNING | Sleeping 6.58 seconds before retry 3 of 5 for request: POST https://earthengine.googleapis.com/v1/projects/432997572555/value:compute?prettyPrint=false&alt=json, after 429
2026-04-27 17:11:26,768 | WARNING | Sleeping 6.56 seconds before retry 4 of 5 for request: POST https://earthengine.googleapis.com/v1/projects/432997572555/value:compute?prettyPrint=false&alt=json, after 429
2026-04-27 17:11:34,016 | WARNING | Sleeping 0.47 seconds before retry 5 of 5 for request: POST https://earthengine.googleapis.com/v1/projects/432997572555/value:compute?prettyPrint=false&alt=json, after 429
2026-04-27 17:19:10,621 | INFO | === START RUN ===
2026-04-27 17:19:13,386 | INFO | Config cargado: {'year': 2017, 'orbit': 'ASCENDING', 'relative_orbit': None, 'eps': 1e-10, 'kernel_size': 7, 'dem_id': 'USGS/SRTMGL1_003', 'window_days': 6, 'start_date': '2017-03-01', 'end_date': '2017-03-31', 'mosaic_reducer': 'median', 'pre_max_gap_days': 60, 'coverage_scale': 30, 'min_overlap_pixels': 1000, 'min_overlap_fraction_of_post': 0.2}
2026-04-27 17:19:13,440 | INFO | AOI cargado desde: D:\Maestria_Geomatica\Semestre_IV\Tesis_Python\Datos\SHP\AOI_25_09_19.shp
2026-04-27 17:19:57,721 | WARNING | Sleeping 1.30 seconds before retry 1 of 5 for request: POST https://earthengine.googleapis.com/v1/projects/432997572555/value:compute?prettyPrint=false&alt=json, after 429
2026-04-27 17:19:59,502 | WARNING | Sleeping 1.74 seconds before retry 2 of 5 for request: POST https://earthengine.googleapis.com/v1/projects/432997572555/value:compute?prettyPrint=false&alt=json, after 429
2026-04-27 17:20:01,786 | WARNING | Sleeping 6.67 seconds before retry 3 of 5 for request: POST https://earthengine.googleapis.com/v1/projects/432997572555/value:compute?prettyPrint=false&alt=json, after 429
2026-04-27 17:20:08,976 | WARNING | Sleeping 1.38 seconds before retry 4 of 5 for request: POST https://earthengine.googleapis.com/v1/projects/432997572555/value:compute?prettyPrint=false&alt=json, after 429
2026-04-27 17:20:11,005 | WARNING | Sleeping 13.22 seconds before retry 5 of 5 for request: POST https://earthengine.googleapis.com/v1/projects/432997572555/value:compute?prettyPrint=false&alt=json, after 429
2026-04-28 11:12:53,844 | INFO | === START RUN ===
2026-04-28 11:13:38,750 | INFO | Config cargado: {'year': 2017, 'orbit': 'ASCENDING', 'relative_orbit': None, 'eps': 1e-10, 'kernel_size': 7, 'dem_id': 'USGS/SRTMGL1_003', 'window_days': 6, 'start_date': '2017-03-01', 'end_date': '2017-03-31', 'mosaic_reducer': 'median', 'pre_max_gap_days': 60, 'coverage_scale': 30, 'min_overlap_pixels': 1000, 'min_overlap_fraction_of_post': 0.2}
2026-04-28 11:13:39,568 | INFO | AOI cargado desde: D:\Maestria_Geomatica\Semestre_IV\Tesis_Python\Datos\SHP\AOI_25_09_19.shp
2026-04-28 11:14:34,490 | WARNING | Sleeping 1.01 seconds before retry 1 of 5 for request: POST https://earthengine.googleapis.com/v1/projects/432997572555/value:compute?prettyPrint=false&alt=json, after 429
2026-04-28 11:14:36,050 | WARNING | Sleeping 1.35 seconds before retry 2 of 5 for request: POST https://earthengine.googleapis.com/v1/projects/432997572555/value:compute?prettyPrint=false&alt=json, after 429
2026-04-28 11:14:38,165 | WARNING | Sleeping 4.08 seconds before retry 3 of 5 for request: POST https://earthengine.googleapis.com/v1/projects/432997572555/value:compute?prettyPrint=false&alt=json, after 429
2026-04-28 11:14:42,787 | WARNING | Sleeping 4.53 seconds before retry 4 of 5 for request: POST https://earthengine.googleapis.com/v1/projects/432997572555/value:compute?prettyPrint=false&alt=json, after 429
2026-04-28 11:14:47,884 | WARNING | Sleeping 0.82 seconds before retry 5 of 5 for request: POST https://earthengine.googleapis.com/v1/projects/432997572555/value:compute?prettyPrint=false&alt=json, after 429
2026-04-28 14:04:29,461 | INFO | === START RUN ===
2026-04-28 14:04:32,319 | INFO | Config cargado: {'year': 2017, 'orbit': 'ASCENDING', 'relative_orbit': None, 'eps': 1e-10, 'kernel_size': 7, 'dem_id': 'USGS/SRTMGL1_003', 'window_days': 6, 'start_date': '2017-05-01', 'end_date': '2017-05-31', 'mosaic_reducer': 'median', 'pre_max_gap_days': 60, 'coverage_scale': 30, 'min_overlap_pixels': 1000, 'min_overlap_fraction_of_post': 0.2}
2026-04-28 14:04:33,030 | INFO | AOI cargado desde: D:\Maestria_Geomatica\Semestre_IV\Tesis_Python\Datos\SHP\AOI_25_09_19.shp
2026-04-28 15:25:29,259 | INFO | === START RUN ===
2026-04-28 15:25:31,818 | INFO | Config cargado: {'year': 2017, 'orbit': 'ASCENDING', 'relative_orbit': None, 'eps': 1e-10, 'kernel_size': 7, 'dem_id': 'USGS/SRTMGL1_003', 'window_days': 6, 'start_date': '2017-05-01', 'end_date': '2017-05-31', 'mosaic_reducer': 'median', 'pre_max_gap_days': 60, 'coverage_scale': 30, 'min_overlap_pixels': 1000, 'min_overlap_fraction_of_post': 0.2}
2026-04-28 15:25:31,889 | INFO | AOI cargado desde: D:\Maestria_Geomatica\Semestre_IV\Tesis_Python\Datos\SHP\AOI_25_09_19.shp
2026-04-28 15:26:27,104 | INFO | N imágenes finales: 4
2026-04-28 15:26:27,104 | INFO | Bandas finales: ['VV', 'VH', 'angle', 'VVVH_ratio']
2026-04-28 15:26:34,122 | INFO | Tareas exportadas: 4
2026-04-28 15:26:34,123 | INFO | === END RUN ===
2026-04-28 15:51:59,256 | INFO | === START RUN ===
2026-04-28 15:52:01,966 | INFO | Config cargado: {'year': 2017, 'orbit': 'ASCENDING', 'relative_orbit': None, 'eps': 1e-10, 'kernel_size': 7, 'dem_id': 'USGS/SRTMGL1_003', 'window_days': 6, 'start_date': '2017-03-01', 'end_date': '2017-03-31', 'mosaic_reducer': 'median', 'pre_max_gap_days': 60, 'coverage_scale': 30, 'min_overlap_pixels': 1000, 'min_overlap_fraction_of_post': 0.2}
2026-04-28 15:52:01,983 | INFO | AOI cargado desde: D:\Maestria_Geomatica\Semestre_IV\Tesis_Python\Datos\SHP\AOI_25_09_19.shp
2026-04-28 15:53:22,680 | INFO | === START RUN ===
2026-04-28 15:53:25,759 | INFO | Config cargado: {'year': 2017, 'orbit': 'ASCENDING', 'relative_orbit': None, 'eps': 1e-10, 'kernel_size': 7, 'dem_id': 'USGS/SRTMGL1_003', 'window_days': 6, 'start_date': '2017-03-01', 'end_date': '2017-03-31', 'mosaic_reducer': 'median', 'pre_max_gap_days': 60, 'coverage_scale': 30, 'min_overlap_pixels': 1000, 'min_overlap_fraction_of_post': 0.2}
2026-04-28 15:53:25,771 | INFO | AOI cargado desde: D:\Maestria_Geomatica\Semestre_IV\Tesis_Python\Datos\SHP\AOI_25_09_19.shp
2026-04-28 15:54:21,752 | INFO | N imágenes finales: 5
2026-04-28 15:54:21,754 | INFO | Bandas finales: ['VV', 'VH', 'angle', 'VVVH_ratio']
2026-04-28 15:54:28,247 | INFO | Tareas exportadas: 5
2026-04-28 15:54:28,249 | INFO | === END RUN ===
2026-04-28 16:08:06,471 | INFO | === START RUN ===
2026-04-28 16:08:08,661 | INFO | Config cargado: {'year': 2017, 'orbit': 'ASCENDING', 'relative_orbit': None, 'eps': 1e-10, 'kernel_size': 7, 'dem_id': 'USGS/SRTMGL1_003', 'window_days': 6, 'start_date': '2017-04-01', 'end_date': '2017-04-30', 'mosaic_reducer': 'median', 'pre_max_gap_days': 60, 'coverage_scale': 30, 'min_overlap_pixels': 1000, 'min_overlap_fraction_of_post': 0.2}
2026-04-28 16:08:08,675 | INFO | AOI cargado desde: D:\Maestria_Geomatica\Semestre_IV\Tesis_Python\Datos\SHP\AOI_25_09_19.shp
2026-04-28 16:08:58,971 | INFO | N imágenes finales: 4
2026-04-28 16:08:58,972 | INFO | Bandas finales: ['VV', 'VH', 'angle', 'VVVH_ratio']
2026-04-28 16:09:05,298 | INFO | Tareas exportadas: 4
2026-04-28 16:09:05,298 | INFO | === END RUN ===
2026-04-28 16:36:15,076 | INFO | === START RUN ===
2026-04-28 16:36:17,343 | INFO | Config cargado: {'year': 2017, 'orbit': 'ASCENDING', 'relative_orbit': None, 'eps': 1e-10, 'kernel_size': 7, 'dem_id': 'USGS/SRTMGL1_003', 'window_days': 6, 'start_date': '2017-04-01', 'end_date': '2017-04-30', 'mosaic_reducer': 'median', 'pre_max_gap_days': 60, 'coverage_scale': 30, 'min_overlap_pixels': 1000, 'min_overlap_fraction_of_post': 0.2}
2026-04-28 16:36:17,355 | INFO | AOI cargado desde: D:\Maestria_Geomatica\Semestre_IV\Tesis_Python\Datos\SHP\AOI_25_09_19.shp
2026-04-28 16:37:45,747 | INFO | === START RUN ===
2026-04-28 16:37:49,132 | INFO | Config cargado: {'year': 2017, 'orbit': 'ASCENDING', 'relative_orbit': None, 'eps': 1e-10, 'kernel_size': 7, 'dem_id': 'USGS/SRTMGL1_003', 'window_days': 6, 'start_date': '2017-06-01', 'end_date': '2017-06-30', 'mosaic_reducer': 'median', 'pre_max_gap_days': 60, 'coverage_scale': 30, 'min_overlap_pixels': 1000, 'min_overlap_fraction_of_post': 0.2}
2026-04-28 16:37:49,186 | INFO | AOI cargado desde: D:\Maestria_Geomatica\Semestre_IV\Tesis_Python\Datos\SHP\AOI_25_09_19.shp
2026-04-28 16:38:36,656 | INFO | N imágenes finales: 3
2026-04-28 16:38:36,657 | INFO | Bandas finales: ['VV', 'VH', 'angle', 'VVVH_ratio']
2026-04-28 16:38:42,962 | INFO | Tareas exportadas: 3
2026-04-28 16:38:42,963 | INFO | === END RUN ===
2026-04-28 16:50:33,646 | INFO | === START RUN ===
2026-04-28 16:50:35,822 | INFO | Config cargado: {'year': 2017, 'orbit': 'ASCENDING', 'relative_orbit': None, 'eps': 1e-10, 'kernel_size': 7, 'dem_id': 'USGS/SRTMGL1_003', 'window_days': 6, 'start_date': '2017-07-01', 'end_date': '2017-07-31', 'mosaic_reducer': 'median', 'pre_max_gap_days': 60, 'coverage_scale': 30, 'min_overlap_pixels': 1000, 'min_overlap_fraction_of_post': 0.2}
2026-04-28 16:50:35,834 | INFO | AOI cargado desde: D:\Maestria_Geomatica\Semestre_IV\Tesis_Python\Datos\SHP\AOI_25_09_19.shp
2026-04-28 16:51:19,834 | INFO | N imágenes finales: 2
2026-04-28 16:51:19,835 | INFO | Bandas finales: ['VV', 'VH', 'angle', 'VVVH_ratio']
2026-04-28 16:51:23,707 | INFO | Tareas exportadas: 2
2026-04-28 16:51:23,708 | INFO | === END RUN ===
2026-04-28 17:12:20,141 | INFO | === START RUN ===
2026-04-28 17:12:22,091 | INFO | Config cargado: {'year': 2017, 'orbit': 'ASCENDING', 'relative_orbit': None, 'eps': 1e-10, 'kernel_size': 7, 'dem_id': 'USGS/SRTMGL1_003', 'window_days': 6, 'start_date': '2017-08-01', 'end_date': '2017-08-31', 'mosaic_reducer': 'median', 'pre_max_gap_days': 60, 'coverage_scale': 31, 'min_overlap_pixels': 1000, 'min_overlap_fraction_of_post': 0.2}
2026-04-28 17:12:22,102 | INFO | AOI cargado desde: D:\Maestria_Geomatica\Semestre_IV\Tesis_Python\Datos\SHP\AOI_25_09_19.shp
2026-04-28 17:13:21,686 | INFO | N imágenes finales: 3
2026-04-28 17:13:21,686 | INFO | Bandas finales: ['VV', 'VH', 'angle', 'VVVH_ratio']
2026-04-28 17:13:27,247 | INFO | Tareas exportadas: 3
2026-04-28 17:13:27,248 | INFO | === END RUN ===
2026-04-28 17:23:11,802 | INFO | === START RUN ===
2026-04-28 17:23:15,035 | INFO | Config cargado: {'year': 2017, 'orbit': 'ASCENDING', 'relative_orbit': None, 'eps': 1e-10, 'kernel_size': 7, 'dem_id': 'USGS/SRTMGL1_003', 'window_days': 6, 'start_date': '2017-08-01', 'end_date': '2017-08-31', 'mosaic_reducer': 'median', 'pre_max_gap_days': 60, 'coverage_scale': 31, 'min_overlap_pixels': 1000, 'min_overlap_fraction_of_post': 0.2}
2026-04-28 17:23:15,046 | INFO | AOI cargado desde: D:\Maestria_Geomatica\Semestre_IV\Tesis_Python\Datos\SHP\AOI_25_09_19.shp
2026-04-28 17:24:19,581 | INFO | N imágenes finales: 3
2026-04-28 17:24:19,581 | INFO | Bandas finales: ['VV', 'VH', 'angle', 'VVVH_ratio']
2026-04-28 17:24:24,621 | INFO | Tareas exportadas: 3
2026-04-28 17:24:24,622 | INFO | === END RUN ===
2026-04-28 17:25:06,871 | INFO | === START RUN ===
2026-04-28 17:25:07,553 | INFO | Config cargado: {'year': 2017, 'orbit': 'ASCENDING', 'relative_orbit': None, 'eps': 1e-10, 'kernel_size': 7, 'dem_id': 'USGS/SRTMGL1_003', 'window_days': 6, 'start_date': '2017-09-01', 'end_date': '2017-09-30', 'mosaic_reducer': 'median', 'pre_max_gap_days': 60, 'coverage_scale': 31, 'min_overlap_pixels': 1000, 'min_overlap_fraction_of_post': 0.2}
2026-04-28 17:25:07,564 | INFO | AOI cargado desde: D:\Maestria_Geomatica\Semestre_IV\Tesis_Python\Datos\SHP\AOI_25_09_19.shp
2026-04-28 17:25:45,559 | INFO | === START RUN ===
2026-04-28 17:25:47,473 | INFO | Config cargado: {'year': 2017, 'orbit': 'ASCENDING', 'relative_orbit': None, 'eps': 1e-10, 'kernel_size': 7, 'dem_id': 'USGS/SRTMGL1_003', 'window_days': 6, 'start_date': '2017-09-01', 'end_date': '2017-09-30', 'mosaic_reducer': 'median', 'pre_max_gap_days': 60, 'coverage_scale': 31, 'min_overlap_pixels': 1000, 'min_overlap_fraction_of_post': 0.2}
2026-04-28 17:25:47,484 | INFO | AOI cargado desde: D:\Maestria_Geomatica\Semestre_IV\Tesis_Python\Datos\SHP\AOI_25_09_19.shp
2026-04-28 17:26:44,055 | INFO | N imágenes finales: 2
2026-04-28 17:26:44,056 | INFO | Bandas finales: ['VV', 'VH', 'angle', 'VVVH_ratio']
2026-04-28 17:26:48,431 | INFO | Tareas exportadas: 2
2026-04-28 17:26:48,432 | INFO | === END RUN ===
2026-04-28 17:30:44,560 | INFO | === START RUN ===
2026-04-28 17:30:47,820 | INFO | Config cargado: {'year': 2017, 'orbit': 'ASCENDING', 'relative_orbit': None, 'eps': 1e-10, 'kernel_size': 7, 'dem_id': 'USGS/SRTMGL1_003', 'window_days': 6, 'start_date': '2017-10-01', 'end_date': '2017-10-31', 'mosaic_reducer': 'median', 'pre_max_gap_days': 60, 'coverage_scale': 31, 'min_overlap_pixels': 1000, 'min_overlap_fraction_of_post': 0.2}
2026-04-28 17:30:47,831 | INFO | AOI cargado desde: D:\Maestria_Geomatica\Semestre_IV\Tesis_Python\Datos\SHP\AOI_25_09_19.shp
2026-04-28 17:31:43,276 | INFO | N imágenes finales: 2
2026-04-28 17:31:43,277 | INFO | Bandas finales: ['VV', 'VH', 'angle', 'VVVH_ratio']
2026-04-28 17:31:47,785 | INFO | Tareas exportadas: 2
2026-04-28 17:31:47,787 | INFO | === END RUN ===
2026-04-28 17:33:53,900 | INFO | === START RUN ===
2026-04-28 17:33:56,772 | INFO | Config cargado: {'year': 2017, 'orbit': 'ASCENDING', 'relative_orbit': None, 'eps': 1e-10, 'kernel_size': 7, 'dem_id': 'USGS/SRTMGL1_003', 'window_days': 6, 'start_date': '2017-11-01', 'end_date': '2017-11-30', 'mosaic_reducer': 'median', 'pre_max_gap_days': 60, 'coverage_scale': 31, 'min_overlap_pixels': 1000, 'min_overlap_fraction_of_post': 0.2}
2026-04-28 17:33:56,783 | INFO | AOI cargado desde: D:\Maestria_Geomatica\Semestre_IV\Tesis_Python\Datos\SHP\AOI_25_09_19.shp
2026-04-28 17:34:46,718 | INFO | N imágenes finales: 3
2026-04-28 17:34:46,719 | INFO | Bandas finales: ['VV', 'VH', 'angle', 'VVVH_ratio']
2026-04-28 17:34:52,665 | INFO | Tareas exportadas: 3
2026-04-28 17:34:52,665 | INFO | === END RUN ===
2026-04-28 17:43:37,093 | INFO | === START RUN ===
2026-04-28 17:43:38,930 | INFO | Config cargado: {'year': 2017, 'orbit': 'ASCENDING', 'relative_orbit': None, 'eps': 1e-10, 'kernel_size': 7, 'dem_id': 'USGS/SRTMGL1_003', 'window_days': 6, 'start_date': '2017-11-01', 'end_date': '2017-11-30', 'mosaic_reducer': 'median', 'pre_max_gap_days': 60, 'coverage_scale': 31, 'min_overlap_pixels': 1000, 'min_overlap_fraction_of_post': 0.2}
2026-04-28 17:43:38,941 | INFO | AOI cargado desde: D:\Maestria_Geomatica\Semestre_IV\Tesis_Python\Datos\SHP\AOI_25_09_19.shp
2026-04-28 17:44:23,691 | INFO | === START RUN ===
2026-04-28 17:44:25,568 | INFO | Config cargado: {'year': 2017, 'orbit': 'ASCENDING', 'relative_orbit': None, 'eps': 1e-10, 'kernel_size': 7, 'dem_id': 'USGS/SRTMGL1_003', 'window_days': 6, 'start_date': '2017-12-01', 'end_date': '2017-12-31', 'mosaic_reducer': 'median', 'pre_max_gap_days': 60, 'coverage_scale': 31, 'min_overlap_pixels': 1000, 'min_overlap_fraction_of_post': 0.2}
2026-04-28 17:44:25,634 | INFO | AOI cargado desde: D:\Maestria_Geomatica\Semestre_IV\Tesis_Python\Datos\SHP\AOI_25_09_19.shp
2026-04-28 17:45:09,949 | INFO | N imágenes finales: 2
2026-04-28 17:45:09,949 | INFO | Bandas finales: ['VV', 'VH', 'angle', 'VVVH_ratio']
2026-04-28 17:45:14,545 | INFO | Tareas exportadas: 2
2026-04-28 17:45:14,546 | INFO | === END RUN ===
2026-04-28 17:50:35,270 | INFO | === START RUN ===
2026-04-28 17:50:37,884 | INFO | Config cargado: {'year': 2017, 'orbit': 'ASCENDING', 'relative_orbit': None, 'eps': 1e-10, 'kernel_size': 7, 'dem_id': 'USGS/SRTMGL1_003', 'window_days': 6, 'start_date': '2018-01-01', 'end_date': '2018-01-31', 'mosaic_reducer': 'median', 'pre_max_gap_days': 60, 'coverage_scale': 31, 'min_overlap_pixels': 1000, 'min_overlap_fraction_of_post': 0.2}
2026-04-28 17:50:37,965 | INFO | AOI cargado desde: D:\Maestria_Geomatica\Semestre_IV\Tesis_Python\Datos\SHP\AOI_25_09_19.shp
2026-04-28 17:51:35,162 | INFO | N imágenes finales: 3
2026-04-28 17:51:35,162 | INFO | Bandas finales: ['VV', 'VH', 'angle', 'VVVH_ratio']
2026-04-28 17:51:40,879 | INFO | Tareas exportadas: 3
2026-04-28 17:51:40,879 | INFO | === END RUN ===
2026-04-28 17:55:38,016 | INFO | === START RUN ===
2026-04-28 17:55:40,076 | INFO | Config cargado: {'year': 2017, 'orbit': 'ASCENDING', 'relative_orbit': None, 'eps': 1e-10, 'kernel_size': 7, 'dem_id': 'USGS/SRTMGL1_003', 'window_days': 6, 'start_date': '2018-01-01', 'end_date': '2018-01-31', 'mosaic_reducer': 'median', 'pre_max_gap_days': 60, 'coverage_scale': 31, 'min_overlap_pixels': 1000, 'min_overlap_fraction_of_post': 0.2}
2026-04-28 17:55:40,128 | INFO | AOI cargado desde: D:\Maestria_Geomatica\Semestre_IV\Tesis_Python\Datos\SHP\AOI_25_09_19.shp
2026-04-28 17:56:38,340 | INFO | === START RUN ===
2026-04-28 17:56:40,322 | INFO | Config cargado: {'year': 2017, 'orbit': 'ASCENDING', 'relative_orbit': None, 'eps': 1e-10, 'kernel_size': 7, 'dem_id': 'USGS/SRTMGL1_003', 'window_days': 6, 'start_date': '2018-02-01', 'end_date': '2018-02-28', 'mosaic_reducer': 'median', 'pre_max_gap_days': 60, 'coverage_scale': 31, 'min_overlap_pixels': 1000, 'min_overlap_fraction_of_post': 0.2}
2026-04-28 17:56:40,375 | INFO | AOI cargado desde: D:\Maestria_Geomatica\Semestre_IV\Tesis_Python\Datos\SHP\AOI_25_09_19.shp
2026-04-28 17:57:36,412 | INFO | N imágenes finales: 2
2026-04-28 17:57:36,412 | INFO | Bandas finales: ['VV', 'VH', 'angle', 'VVVH_ratio']
2026-04-28 17:57:40,763 | INFO | Tareas exportadas: 2
2026-04-28 17:57:40,763 | INFO | === END RUN ===
2026-04-28 18:02:19,558 | INFO | === START RUN ===
2026-04-28 18:02:22,903 | INFO | Config cargado: {'year': 2017, 'orbit': 'ASCENDING', 'relative_orbit': None, 'eps': 1e-10, 'kernel_size': 7, 'dem_id': 'USGS/SRTMGL1_003', 'window_days': 6, 'start_date': '2018-03-01', 'end_date': '2018-03-31', 'mosaic_reducer': 'median', 'pre_max_gap_days': 60, 'coverage_scale': 31, 'min_overlap_pixels': 1000, 'min_overlap_fraction_of_post': 0.2}
2026-04-28 18:02:22,960 | INFO | AOI cargado desde: D:\Maestria_Geomatica\Semestre_IV\Tesis_Python\Datos\SHP\AOI_25_09_19.shp
2026-04-28 18:03:11,096 | INFO | N imágenes finales: 3
2026-04-28 18:03:11,097 | INFO | Bandas finales: ['VV', 'VH', 'angle', 'VVVH_ratio']
2026-04-28 18:03:16,264 | INFO | Tareas exportadas: 3
2026-04-28 18:03:16,264 | INFO | === END RUN ===
2026-04-28 18:07:02,245 | INFO | === START RUN ===
2026-04-28 18:07:05,224 | INFO | Config cargado: {'year': 2017, 'orbit': 'ASCENDING', 'relative_orbit': None, 'eps': 1e-10, 'kernel_size': 7, 'dem_id': 'USGS/SRTMGL1_003', 'window_days': 6, 'start_date': '2018-03-01', 'end_date': '2018-03-31', 'mosaic_reducer': 'median', 'pre_max_gap_days': 60, 'coverage_scale': 31, 'min_overlap_pixels': 1000, 'min_overlap_fraction_of_post': 0.2}
2026-04-28 18:07:05,236 | INFO | AOI cargado desde: D:\Maestria_Geomatica\Semestre_IV\Tesis_Python\Datos\SHP\AOI_25_09_19.shp
2026-04-28 18:07:30,601 | INFO | === START RUN ===
2026-04-28 18:07:32,827 | INFO | Config cargado: {'year': 2017, 'orbit': 'ASCENDING', 'relative_orbit': None, 'eps': 1e-10, 'kernel_size': 7, 'dem_id': 'USGS/SRTMGL1_003', 'window_days': 6, 'start_date': '2018-03-01', 'end_date': '2018-03-31', 'mosaic_reducer': 'median', 'pre_max_gap_days': 60, 'coverage_scale': 31, 'min_overlap_pixels': 1000, 'min_overlap_fraction_of_post': 0.2}
2026-04-28 18:07:32,880 | INFO | AOI cargado desde: D:\Maestria_Geomatica\Semestre_IV\Tesis_Python\Datos\SHP\AOI_25_09_19.shp
2026-04-28 18:07:56,580 | INFO | === START RUN ===
2026-04-28 18:07:58,643 | INFO | Config cargado: {'year': 2017, 'orbit': 'ASCENDING', 'relative_orbit': None, 'eps': 1e-10, 'kernel_size': 7, 'dem_id': 'USGS/SRTMGL1_003', 'window_days': 6, 'start_date': '2018-04-01', 'end_date': '2018-04-30', 'mosaic_reducer': 'median', 'pre_max_gap_days': 60, 'coverage_scale': 31, 'min_overlap_pixels': 1000, 'min_overlap_fraction_of_post': 0.2}
2026-04-28 18:07:58,698 | INFO | AOI cargado desde: D:\Maestria_Geomatica\Semestre_IV\Tesis_Python\Datos\SHP\AOI_25_09_19.shp
2026-04-28 18:09:08,728 | INFO | === START RUN ===
2026-04-28 18:09:12,963 | INFO | Config cargado: {'year': 2017, 'orbit': 'ASCENDING', 'relative_orbit': None, 'eps': 1e-10, 'kernel_size': 7, 'dem_id': 'USGS/SRTMGL1_003', 'window_days': 6, 'start_date': '2018-04-01', 'end_date': '2018-04-30', 'mosaic_reducer': 'median', 'pre_max_gap_days': 60, 'coverage_scale': 31, 'min_overlap_pixels': 1000, 'min_overlap_fraction_of_post': 0.2}
2026-04-28 18:09:12,976 | INFO | AOI cargado desde: D:\Maestria_Geomatica\Semestre_IV\Tesis_Python\Datos\SHP\AOI_25_09_19.shp
2026-04-28 18:10:02,180 | INFO | N imágenes finales: 2
2026-04-28 18:10:02,182 | INFO | Bandas finales: ['VV', 'VH', 'angle', 'VVVH_ratio']
2026-04-28 18:10:06,348 | INFO | Tareas exportadas: 2
2026-04-28 18:10:06,349 | INFO | === END RUN ===
2026-04-28 18:12:58,797 | INFO | === START RUN ===
2026-04-28 18:13:01,168 | INFO | Config cargado: {'year': 2017, 'orbit': 'ASCENDING', 'relative_orbit': None, 'eps': 1e-10, 'kernel_size': 7, 'dem_id': 'USGS/SRTMGL1_003', 'window_days': 6, 'start_date': '2018-05-01', 'end_date': '2018-05-31', 'mosaic_reducer': 'median', 'pre_max_gap_days': 60, 'coverage_scale': 31, 'min_overlap_pixels': 1000, 'min_overlap_fraction_of_post': 0.2}
2026-04-28 18:13:01,250 | INFO | AOI cargado desde: D:\Maestria_Geomatica\Semestre_IV\Tesis_Python\Datos\SHP\AOI_25_09_19.shp
2026-04-28 18:13:50,884 | INFO | N imágenes finales: 3
2026-04-28 18:13:50,885 | INFO | Bandas finales: ['VV', 'VH', 'angle', 'VVVH_ratio']
2026-04-28 18:13:56,626 | INFO | Tareas exportadas: 3
2026-04-28 18:13:56,627 | INFO | === END RUN ===
2026-04-29 09:58:19,196 | INFO | === START RUN ===
2026-04-29 09:58:21,538 | INFO | Config cargado: {'year': 2017, 'orbit': 'ASCENDING', 'relative_orbit': None, 'eps': 1e-10, 'kernel_size': 7, 'dem_id': 'USGS/SRTMGL1_003', 'window_days': 6, 'start_date': '2018-06-01', 'end_date': '2018-06-30', 'mosaic_reducer': 'median', 'pre_max_gap_days': 60, 'coverage_scale': 31, 'min_overlap_pixels': 1000, 'min_overlap_fraction_of_post': 0.2}
2026-04-29 09:58:21,550 | INFO | AOI cargado desde: D:\Maestria_Geomatica\Semestre_IV\Tesis_Python\Datos\SHP\AOI_25_09_19.shp
2026-04-29 09:59:21,382 | INFO | N imágenes finales: 3
2026-04-29 09:59:21,382 | INFO | Bandas finales: ['VV', 'VH', 'angle', 'VVVH_ratio']
2026-04-29 09:59:26,019 | INFO | Tareas exportadas: 3
2026-04-29 09:59:26,020 | INFO | === END RUN ===
2026-04-29 10:06:26,843 | INFO | === START RUN ===
2026-04-29 10:06:28,816 | INFO | Config cargado: {'year': 2017, 'orbit': 'ASCENDING', 'relative_orbit': None, 'eps': 1e-10, 'kernel_size': 7, 'dem_id': 'USGS/SRTMGL1_003', 'window_days': 6, 'start_date': '2018-07-01', 'end_date': '2018-07-30', 'mosaic_reducer': 'median', 'pre_max_gap_days': 60, 'coverage_scale': 31, 'min_overlap_pixels': 1000, 'min_overlap_fraction_of_post': 0.2}
2026-04-29 10:06:28,869 | INFO | AOI cargado desde: D:\Maestria_Geomatica\Semestre_IV\Tesis_Python\Datos\SHP\AOI_25_09_19.shp
2026-04-29 10:07:31,255 | INFO | N imágenes finales: 3
2026-04-29 10:07:31,256 | INFO | Bandas finales: ['VV', 'VH', 'angle', 'VVVH_ratio']
2026-04-29 10:07:36,482 | INFO | Tareas exportadas: 3
2026-04-29 10:07:36,482 | INFO | === END RUN ===
2026-04-29 10:08:29,664 | INFO | === START RUN ===
2026-04-29 10:08:32,499 | INFO | Config cargado: {'year': 2017, 'orbit': 'ASCENDING', 'relative_orbit': None, 'eps': 1e-10, 'kernel_size': 7, 'dem_id': 'USGS/SRTMGL1_003', 'window_days': 6, 'start_date': '2018-07-01', 'end_date': '2018-07-31', 'mosaic_reducer': 'median', 'pre_max_gap_days': 60, 'coverage_scale': 31, 'min_overlap_pixels': 1000, 'min_overlap_fraction_of_post': 0.2}
2026-04-29 10:08:32,512 | INFO | AOI cargado desde: D:\Maestria_Geomatica\Semestre_IV\Tesis_Python\Datos\SHP\AOI_25_09_19.shp
2026-04-29 10:08:57,608 | INFO | === START RUN ===
2026-04-29 10:08:59,425 | INFO | Config cargado: {'year': 2017, 'orbit': 'ASCENDING', 'relative_orbit': None, 'eps': 1e-10, 'kernel_size': 7, 'dem_id': 'USGS/SRTMGL1_003', 'window_days': 6, 'start_date': '2018-07-01', 'end_date': '2018-07-31', 'mosaic_reducer': 'median', 'pre_max_gap_days': 60, 'coverage_scale': 31, 'min_overlap_pixels': 1000, 'min_overlap_fraction_of_post': 0.2}
2026-04-29 10:08:59,481 | INFO | AOI cargado desde: D:\Maestria_Geomatica\Semestre_IV\Tesis_Python\Datos\SHP\AOI_25_09_19.shp
2026-04-29 10:09:26,567 | INFO | === START RUN ===
2026-04-29 10:09:28,297 | INFO | Config cargado: {'year': 2017, 'orbit': 'ASCENDING', 'relative_orbit': None, 'eps': 1e-10, 'kernel_size': 7, 'dem_id': 'USGS/SRTMGL1_003', 'window_days': 6, 'start_date': '2018-08-01', 'end_date': '2018-08-31', 'mosaic_reducer': 'median', 'pre_max_gap_days': 60, 'coverage_scale': 31, 'min_overlap_pixels': 1000, 'min_overlap_fraction_of_post': 0.2}
2026-04-29 10:09:28,350 | INFO | AOI cargado desde: D:\Maestria_Geomatica\Semestre_IV\Tesis_Python\Datos\SHP\AOI_25_09_19.shp
2026-04-29 10:10:12,411 | INFO | N imágenes finales: 1
2026-04-29 10:10:12,412 | INFO | Bandas finales: ['VV', 'VH', 'angle', 'VVVH_ratio']
2026-04-29 10:10:15,094 | INFO | Tareas exportadas: 1
2026-04-29 10:10:15,094 | INFO | === END RUN ===
2026-04-29 10:11:57,363 | INFO | === START RUN ===
2026-04-29 10:11:59,189 | INFO | Config cargado: {'year': 2017, 'orbit': 'ASCENDING', 'relative_orbit': None, 'eps': 1e-10, 'kernel_size': 7, 'dem_id': 'USGS/SRTMGL1_003', 'window_days': 6, 'start_date': '2018-09-01', 'end_date': '2018-09-30', 'mosaic_reducer': 'median', 'pre_max_gap_days': 60, 'coverage_scale': 31, 'min_overlap_pixels': 1000, 'min_overlap_fraction_of_post': 0.2}
2026-04-29 10:11:59,200 | INFO | AOI cargado desde: D:\Maestria_Geomatica\Semestre_IV\Tesis_Python\Datos\SHP\AOI_25_09_19.shp
2026-04-29 10:12:43,717 | INFO | N imágenes finales: 2
2026-04-29 10:12:43,718 | INFO | Bandas finales: ['VV', 'VH', 'angle', 'VVVH_ratio']
2026-04-29 10:12:47,698 | INFO | Tareas exportadas: 2
2026-04-29 10:12:47,698 | INFO | === END RUN ===
2026-04-29 10:44:44,884 | INFO | === START RUN ===
2026-04-29 10:44:47,866 | INFO | Config cargado: {'year': 2017, 'orbit': 'ASCENDING', 'relative_orbit': None, 'eps': 1e-10, 'kernel_size': 7, 'dem_id': 'USGS/SRTMGL1_003', 'window_days': 6, 'start_date': '2018-09-01', 'end_date': '2018-09-30', 'mosaic_reducer': 'median', 'pre_max_gap_days': 60, 'coverage_scale': 31, 'min_overlap_pixels': 1000, 'min_overlap_fraction_of_post': 0.2}
2026-04-29 10:44:47,878 | INFO | AOI cargado desde: D:\Maestria_Geomatica\Semestre_IV\Tesis_Python\Datos\SHP\AOI_25_09_19.shp
2026-04-29 10:45:08,262 | INFO | === START RUN ===
2026-04-29 10:45:12,298 | INFO | Config cargado: {'year': 2017, 'orbit': 'ASCENDING', 'relative_orbit': None, 'eps': 1e-10, 'kernel_size': 7, 'dem_id': 'USGS/SRTMGL1_003', 'window_days': 6, 'start_date': '2018-09-01', 'end_date': '2018-09-30', 'mosaic_reducer': 'median', 'pre_max_gap_days': 60, 'coverage_scale': 31, 'min_overlap_pixels': 1000, 'min_overlap_fraction_of_post': 0.2}
2026-04-29 10:45:12,361 | INFO | AOI cargado desde: D:\Maestria_Geomatica\Semestre_IV\Tesis_Python\Datos\SHP\AOI_25_09_19.shp
2026-04-29 10:52:47,958 | INFO | === START RUN ===
2026-04-29 10:52:49,725 | INFO | Config cargado: {'year': 2017, 'orbit': 'ASCENDING', 'relative_orbit': None, 'eps': 1e-10, 'kernel_size': 7, 'dem_id': 'USGS/SRTMGL1_003', 'window_days': 6, 'start_date': '2018-10-01', 'end_date': '2018-10-31', 'mosaic_reducer': 'median', 'pre_max_gap_days': 60, 'coverage_scale': 31, 'min_overlap_pixels': 1000, 'min_overlap_fraction_of_post': 0.2}
2026-04-29 10:52:49,780 | INFO | AOI cargado desde: D:\Maestria_Geomatica\Semestre_IV\Tesis_Python\Datos\SHP\AOI_25_09_19.shp
2026-04-29 10:53:52,545 | INFO | === START RUN ===
2026-04-29 10:53:54,120 | INFO | Config cargado: {'year': 2017, 'orbit': 'ASCENDING', 'relative_orbit': None, 'eps': 1e-10, 'kernel_size': 7, 'dem_id': 'USGS/SRTMGL1_003', 'window_days': 6, 'start_date': '2018-10-01', 'end_date': '2018-10-31', 'mosaic_reducer': 'median', 'pre_max_gap_days': 60, 'coverage_scale': 31, 'min_overlap_pixels': 1000, 'min_overlap_fraction_of_post': 0.2}
2026-04-29 10:53:54,132 | INFO | AOI cargado desde: D:\Maestria_Geomatica\Semestre_IV\Tesis_Python\Datos\SHP\AOI_25_09_19.shp
2026-04-29 10:54:44,008 | INFO | N imágenes finales: 2
2026-04-29 10:54:44,008 | INFO | Bandas finales: ['VV', 'VH', 'angle', 'VVVH_ratio']
2026-04-29 10:54:47,915 | INFO | Tareas exportadas: 2
2026-04-29 10:54:47,915 | INFO | === END RUN ===
2026-04-29 11:13:37,971 | INFO | === START RUN ===
2026-04-29 11:13:39,971 | INFO | Config cargado: {'year': 2017, 'orbit': 'ASCENDING', 'relative_orbit': None, 'eps': 1e-10, 'kernel_size': 7, 'dem_id': 'USGS/SRTMGL1_003', 'window_days': 6, 'start_date': '2018-11-01', 'end_date': '2018-11-30', 'mosaic_reducer': 'median', 'pre_max_gap_days': 60, 'coverage_scale': 31, 'min_overlap_pixels': 1000, 'min_overlap_fraction_of_post': 0.2}
2026-04-29 11:13:39,983 | INFO | AOI cargado desde: D:\Maestria_Geomatica\Semestre_IV\Tesis_Python\Datos\SHP\AOI_25_09_19.shp
2026-04-29 11:14:41,876 | INFO | N imágenes finales: 3
2026-04-29 11:14:41,877 | INFO | Bandas finales: ['VV', 'VH', 'angle', 'VVVH_ratio']
2026-04-29 11:14:46,952 | INFO | Tareas exportadas: 3
2026-04-29 11:14:46,952 | INFO | === END RUN ===
2026-04-29 11:16:55,476 | INFO | === START RUN ===
2026-04-29 11:16:58,168 | INFO | Config cargado: {'year': 2017, 'orbit': 'ASCENDING', 'relative_orbit': None, 'eps': 1e-10, 'kernel_size': 7, 'dem_id': 'USGS/SRTMGL1_003', 'window_days': 6, 'start_date': '2018-12-01', 'end_date': '2018-12-31', 'mosaic_reducer': 'median', 'pre_max_gap_days': 60, 'coverage_scale': 31, 'min_overlap_pixels': 1000, 'min_overlap_fraction_of_post': 0.2}
2026-04-29 11:16:58,183 | INFO | AOI cargado desde: D:\Maestria_Geomatica\Semestre_IV\Tesis_Python\Datos\SHP\AOI_25_09_19.shp
2026-04-29 11:17:51,026 | INFO | N imágenes finales: 4
2026-04-29 11:17:51,027 | INFO | Bandas finales: ['VV', 'VH', 'angle', 'VVVH_ratio']
2026-04-29 11:17:56,722 | INFO | Tareas exportadas: 4
2026-04-29 11:17:56,724 | INFO | === END RUN ===
2026-04-29 13:08:53,002 | INFO | === START RUN ===
2026-04-29 13:08:54,805 | INFO | Config cargado: {'year': 2017, 'orbit': 'ASCENDING', 'relative_orbit': None, 'eps': 1e-10, 'kernel_size': 7, 'dem_id': 'USGS/SRTMGL1_003', 'window_days': 6, 'start_date': '2019-01-01', 'end_date': '2019-01-31', 'mosaic_reducer': 'median', 'pre_max_gap_days': 60, 'coverage_scale': 31, 'min_overlap_pixels': 1000, 'min_overlap_fraction_of_post': 0.2}
2026-04-29 13:08:54,866 | INFO | AOI cargado desde: D:\Maestria_Geomatica\Semestre_IV\Tesis_Python\Datos\SHP\AOI_25_09_19.shp
2026-04-29 13:09:42,208 | INFO | N imágenes finales: 2
2026-04-29 13:09:42,208 | INFO | Bandas finales: ['VV', 'VH', 'angle', 'VVVH_ratio']
2026-04-29 13:09:46,614 | INFO | Tareas exportadas: 2
2026-04-29 13:09:46,614 | INFO | === END RUN ===
2026-04-29 17:56:18,372 | INFO | === START RUN ===
2026-04-29 17:56:20,450 | INFO | Config cargado: {'year': 2017, 'orbit': 'ASCENDING', 'relative_orbit': None, 'eps': 1e-10, 'kernel_size': 7, 'dem_id': 'USGS/SRTMGL1_003', 'window_days': 6, 'start_date': '2019-01-01', 'end_date': '2019-01-31', 'mosaic_reducer': 'median', 'pre_max_gap_days': 60, 'coverage_scale': 31, 'min_overlap_pixels': 1000, 'min_overlap_fraction_of_post': 0.2}
2026-04-29 17:56:20,875 | INFO | AOI cargado desde: D:\Maestria_Geomatica\Semestre_IV\Tesis_Python\Datos\SHP\AOI_25_09_19.shp
2026-04-29 17:56:48,684 | INFO | === START RUN ===
2026-04-29 17:56:50,738 | INFO | Config cargado: {'year': 2017, 'orbit': 'ASCENDING', 'relative_orbit': None, 'eps': 1e-10, 'kernel_size': 7, 'dem_id': 'USGS/SRTMGL1_003', 'window_days': 6, 'start_date': '2019-02-01', 'end_date': '2019-02-28', 'mosaic_reducer': 'median', 'pre_max_gap_days': 60, 'coverage_scale': 31, 'min_overlap_pixels': 1000, 'min_overlap_fraction_of_post': 0.2}
2026-04-29 17:56:50,843 | INFO | AOI cargado desde: D:\Maestria_Geomatica\Semestre_IV\Tesis_Python\Datos\SHP\AOI_25_09_19.shp
2026-04-29 17:57:41,866 | INFO | N imágenes finales: 3
2026-04-29 17:57:41,868 | INFO | Bandas finales: ['VV', 'VH', 'angle', 'VVVH_ratio']
2026-04-29 17:57:47,481 | INFO | Tareas exportadas: 3
2026-04-29 17:57:47,482 | INFO | === END RUN ===
2026-04-29 17:58:42,665 | INFO | === START RUN ===
2026-04-29 17:58:44,710 | INFO | Config cargado: {'year': 2017, 'orbit': 'ASCENDING', 'relative_orbit': None, 'eps': 1e-10, 'kernel_size': 7, 'dem_id': 'USGS/SRTMGL1_003', 'window_days': 6, 'start_date': '2019-03-01', 'end_date': '2019-03-31', 'mosaic_reducer': 'median', 'pre_max_gap_days': 60, 'coverage_scale': 31, 'min_overlap_pixels': 1000, 'min_overlap_fraction_of_post': 0.2}
2026-04-29 17:58:44,726 | INFO | AOI cargado desde: D:\Maestria_Geomatica\Semestre_IV\Tesis_Python\Datos\SHP\AOI_25_09_19.shp
2026-04-29 17:59:42,061 | INFO | === START RUN ===
2026-04-29 17:59:43,881 | INFO | Config cargado: {'year': 2017, 'orbit': 'ASCENDING', 'relative_orbit': None, 'eps': 1e-10, 'kernel_size': 7, 'dem_id': 'USGS/SRTMGL1_003', 'window_days': 6, 'start_date': '2019-03-01', 'end_date': '2019-03-31', 'mosaic_reducer': 'median', 'pre_max_gap_days': 60, 'coverage_scale': 31, 'min_overlap_pixels': 1000, 'min_overlap_fraction_of_post': 0.2}
2026-04-29 17:59:43,892 | INFO | AOI cargado desde: D:\Maestria_Geomatica\Semestre_IV\Tesis_Python\Datos\SHP\AOI_25_09_19.shp
2026-04-29 18:00:39,079 | INFO | N imágenes finales: 5
2026-04-29 18:00:39,080 | INFO | Bandas finales: ['VV', 'VH', 'angle', 'VVVH_ratio']
2026-04-29 18:00:45,396 | INFO | Tareas exportadas: 5
2026-04-29 18:00:45,398 | INFO | === END RUN ===
2026-04-29 18:08:07,523 | INFO | === START RUN ===
2026-04-29 18:08:09,568 | INFO | Config cargado: {'year': 2017, 'orbit': 'ASCENDING', 'relative_orbit': None, 'eps': 1e-10, 'kernel_size': 7, 'dem_id': 'USGS/SRTMGL1_003', 'window_days': 6, 'start_date': '2019-03-01', 'end_date': '2019-03-31', 'mosaic_reducer': 'median', 'pre_max_gap_days': 60, 'coverage_scale': 31, 'min_overlap_pixels': 1000, 'min_overlap_fraction_of_post': 0.2}
2026-04-29 18:08:09,580 | INFO | AOI cargado desde: D:\Maestria_Geomatica\Semestre_IV\Tesis_Python\Datos\SHP\AOI_25_09_19.shp
2026-04-29 18:09:28,352 | INFO | === START RUN ===
2026-04-29 18:09:30,538 | INFO | Config cargado: {'year': 2017, 'orbit': 'ASCENDING', 'relative_orbit': None, 'eps': 1e-10, 'kernel_size': 7, 'dem_id': 'USGS/SRTMGL1_003', 'window_days': 6, 'start_date': '2019-04-01', 'end_date': '2019-04-30', 'mosaic_reducer': 'median', 'pre_max_gap_days': 60, 'coverage_scale': 31, 'min_overlap_pixels': 1000, 'min_overlap_fraction_of_post': 0.2}
2026-04-29 18:09:30,596 | INFO | AOI cargado desde: D:\Maestria_Geomatica\Semestre_IV\Tesis_Python\Datos\SHP\AOI_25_09_19.shp
2026-04-29 18:10:29,307 | INFO | N imágenes finales: 4
2026-04-29 18:10:29,308 | INFO | Bandas finales: ['VV', 'VH', 'angle', 'VVVH_ratio']
2026-04-29 18:10:36,409 | INFO | Tareas exportadas: 4
2026-04-29 18:10:36,409 | INFO | === END RUN ===
2026-04-29 18:24:05,758 | INFO | === START RUN ===
2026-04-29 18:24:09,024 | INFO | Config cargado: {'year': 2017, 'orbit': 'ASCENDING', 'relative_orbit': None, 'eps': 1e-10, 'kernel_size': 7, 'dem_id': 'USGS/SRTMGL1_003', 'window_days': 6, 'start_date': '2019-05-01', 'end_date': '2019-05-30', 'mosaic_reducer': 'median', 'pre_max_gap_days': 60, 'coverage_scale': 31, 'min_overlap_pixels': 1000, 'min_overlap_fraction_of_post': 0.2}
2026-04-29 18:24:09,037 | INFO | AOI cargado desde: D:\Maestria_Geomatica\Semestre_IV\Tesis_Python\Datos\SHP\AOI_25_09_19.shp
2026-04-29 18:25:00,867 | INFO | N imágenes finales: 3
2026-04-29 18:25:00,867 | INFO | Bandas finales: ['VV', 'VH', 'angle', 'VVVH_ratio']
2026-04-29 18:25:06,174 | INFO | Tareas exportadas: 3
2026-04-29 18:25:06,174 | INFO | === END RUN ===
2026-04-29 18:27:30,954 | INFO | === START RUN ===
2026-04-29 18:27:32,932 | INFO | Config cargado: {'year': 2017, 'orbit': 'ASCENDING', 'relative_orbit': None, 'eps': 1e-10, 'kernel_size': 7, 'dem_id': 'USGS/SRTMGL1_003', 'window_days': 6, 'start_date': '2019-06-01', 'end_date': '2019-06-30', 'mosaic_reducer': 'median', 'pre_max_gap_days': 60, 'coverage_scale': 31, 'min_overlap_pixels': 1000, 'min_overlap_fraction_of_post': 0.2}
2026-04-29 18:27:32,943 | INFO | AOI cargado desde: D:\Maestria_Geomatica\Semestre_IV\Tesis_Python\Datos\SHP\AOI_25_09_19.shp
2026-04-29 18:28:15,134 | INFO | N imágenes finales: 2
2026-04-29 18:28:15,134 | INFO | Bandas finales: ['VV', 'VH', 'angle', 'VVVH_ratio']
2026-04-29 18:28:18,500 | INFO | Tareas exportadas: 2
2026-04-29 18:28:18,501 | INFO | === END RUN ===
2026-04-29 18:29:39,131 | INFO | === START RUN ===
2026-04-29 18:29:41,039 | INFO | Config cargado: {'year': 2017, 'orbit': 'ASCENDING', 'relative_orbit': None, 'eps': 1e-10, 'kernel_size': 7, 'dem_id': 'USGS/SRTMGL1_003', 'window_days': 6, 'start_date': '2019-07-01', 'end_date': '2019-07-30', 'mosaic_reducer': 'median', 'pre_max_gap_days': 60, 'coverage_scale': 31, 'min_overlap_pixels': 1000, 'min_overlap_fraction_of_post': 0.2}
2026-04-29 18:29:41,098 | INFO | AOI cargado desde: D:\Maestria_Geomatica\Semestre_IV\Tesis_Python\Datos\SHP\AOI_25_09_19.shp
2026-04-29 18:30:23,529 | INFO | N imágenes finales: 2
2026-04-29 18:30:23,530 | INFO | Bandas finales: ['VV', 'VH', 'angle', 'VVVH_ratio']
2026-04-29 18:30:28,588 | INFO | Tareas exportadas: 2
2026-04-29 18:30:28,588 | INFO | === END RUN ===
2026-04-29 18:32:13,618 | INFO | === START RUN ===
2026-04-29 18:32:15,567 | INFO | Config cargado: {'year': 2017, 'orbit': 'ASCENDING', 'relative_orbit': None, 'eps': 1e-10, 'kernel_size': 7, 'dem_id': 'USGS/SRTMGL1_003', 'window_days': 6, 'start_date': '2019-08-01', 'end_date': '2019-08-30', 'mosaic_reducer': 'median', 'pre_max_gap_days': 60, 'coverage_scale': 31, 'min_overlap_pixels': 1000, 'min_overlap_fraction_of_post': 0.2}
2026-04-29 18:32:15,625 | INFO | AOI cargado desde: D:\Maestria_Geomatica\Semestre_IV\Tesis_Python\Datos\SHP\AOI_25_09_19.shp
2026-04-29 18:33:40,664 | INFO | N imágenes finales: 5
2026-04-29 18:33:40,666 | INFO | Bandas finales: ['VV', 'VH', 'angle', 'VVVH_ratio']
2026-04-29 18:33:47,195 | INFO | Tareas exportadas: 5
2026-04-29 18:33:47,195 | INFO | === END RUN ===
2026-04-29 18:36:46,086 | INFO | === START RUN ===
2026-04-29 18:36:48,129 | INFO | Config cargado: {'year': 2017, 'orbit': 'ASCENDING', 'relative_orbit': None, 'eps': 1e-10, 'kernel_size': 7, 'dem_id': 'USGS/SRTMGL1_003', 'window_days': 6, 'start_date': '2019-09-01', 'end_date': '2019-09-30', 'mosaic_reducer': 'median', 'pre_max_gap_days': 60, 'coverage_scale': 31, 'min_overlap_pixels': 1000, 'min_overlap_fraction_of_post': 0.2}
2026-04-29 18:36:48,185 | INFO | AOI cargado desde: D:\Maestria_Geomatica\Semestre_IV\Tesis_Python\Datos\SHP\AOI_25_09_19.shp
2026-04-29 18:37:59,527 | WARNING | Sleeping 1.61 seconds before retry 1 of 5 for request: POST https://earthengine.googleapis.com/v1/projects/432997572555/value:compute?prettyPrint=false&alt=json, after 502
2026-04-29 18:38:34,932 | INFO | N imágenes finales: 4
2026-04-29 18:38:34,932 | INFO | Bandas finales: ['VV', 'VH', 'angle', 'VVVH_ratio']
2026-04-29 18:38:40,709 | INFO | Tareas exportadas: 4
2026-04-29 18:38:40,710 | INFO | === END RUN ===
2026-04-29 18:39:44,769 | INFO | === START RUN ===
2026-04-29 18:39:46,612 | INFO | Config cargado: {'year': 2017, 'orbit': 'ASCENDING', 'relative_orbit': None, 'eps': 1e-10, 'kernel_size': 7, 'dem_id': 'USGS/SRTMGL1_003', 'window_days': 6, 'start_date': '2019-10-01', 'end_date': '2019-10-30', 'mosaic_reducer': 'median', 'pre_max_gap_days': 60, 'coverage_scale': 31, 'min_overlap_pixels': 1000, 'min_overlap_fraction_of_post': 0.2}
2026-04-29 18:39:46,674 | INFO | AOI cargado desde: D:\Maestria_Geomatica\Semestre_IV\Tesis_Python\Datos\SHP\AOI_25_09_19.shp
2026-04-29 18:40:30,396 | INFO | === START RUN ===
2026-04-29 18:40:33,543 | INFO | Config cargado: {'year': 2017, 'orbit': 'ASCENDING', 'relative_orbit': None, 'eps': 1e-10, 'kernel_size': 7, 'dem_id': 'USGS/SRTMGL1_003', 'window_days': 6, 'start_date': '2019-10-01', 'end_date': '2019-10-30', 'mosaic_reducer': 'median', 'pre_max_gap_days': 60, 'coverage_scale': 31, 'min_overlap_pixels': 1000, 'min_overlap_fraction_of_post': 0.2}
2026-04-29 18:40:33,607 | INFO | AOI cargado desde: D:\Maestria_Geomatica\Semestre_IV\Tesis_Python\Datos\SHP\AOI_25_09_19.shp
2026-04-29 18:41:29,933 | INFO | N imágenes finales: 5
2026-04-29 18:41:29,933 | INFO | Bandas finales: ['VV', 'VH', 'angle', 'VVVH_ratio']
2026-04-29 18:41:36,416 | INFO | Tareas exportadas: 5
2026-04-29 18:41:36,416 | INFO | === END RUN ===
2026-04-29 18:47:03,502 | INFO | === START RUN ===
2026-04-29 18:47:06,543 | INFO | Config cargado: {'year': 2017, 'orbit': 'ASCENDING', 'relative_orbit': None, 'eps': 1e-10, 'kernel_size': 7, 'dem_id': 'USGS/SRTMGL1_003', 'window_days': 6, 'start_date': '2019-11-01', 'end_date': '2019-11-30', 'mosaic_reducer': 'median', 'pre_max_gap_days': 60, 'coverage_scale': 31, 'min_overlap_pixels': 1000, 'min_overlap_fraction_of_post': 0.2}
2026-04-29 18:47:06,607 | INFO | AOI cargado desde: D:\Maestria_Geomatica\Semestre_IV\Tesis_Python\Datos\SHP\AOI_25_09_19.shp
2026-04-29 18:47:52,906 | INFO | N imágenes finales: 2
2026-04-29 18:47:52,906 | INFO | Bandas finales: ['VV', 'VH', 'angle', 'VVVH_ratio']
2026-04-29 18:47:56,738 | INFO | Tareas exportadas: 2
2026-04-29 18:47:56,738 | INFO | === END RUN ===
2026-04-29 18:50:57,847 | INFO | === START RUN ===
2026-04-29 18:51:00,700 | INFO | Config cargado: {'year': 2017, 'orbit': 'ASCENDING', 'relative_orbit': None, 'eps': 1e-10, 'kernel_size': 7, 'dem_id': 'USGS/SRTMGL1_003', 'window_days': 6, 'start_date': '2019-12-01', 'end_date': '2019-12-31', 'mosaic_reducer': 'median', 'pre_max_gap_days': 60, 'coverage_scale': 31, 'min_overlap_pixels': 1000, 'min_overlap_fraction_of_post': 0.2}
2026-04-29 18:51:00,765 | INFO | AOI cargado desde: D:\Maestria_Geomatica\Semestre_IV\Tesis_Python\Datos\SHP\AOI_25_09_19.shp
2026-04-29 18:51:47,058 | INFO | N imágenes finales: 3
2026-04-29 18:51:47,059 | INFO | Bandas finales: ['VV', 'VH', 'angle', 'VVVH_ratio']
2026-04-29 18:51:51,835 | INFO | Tareas exportadas: 3
2026-04-29 18:51:51,836 | INFO | === END RUN ===
2026-04-29 18:55:29,515 | INFO | === START RUN ===
2026-04-29 18:55:31,499 | INFO | Config cargado: {'year': 2017, 'orbit': 'ASCENDING', 'relative_orbit': None, 'eps': 1e-10, 'kernel_size': 7, 'dem_id': 'USGS/SRTMGL1_003', 'window_days': 6, 'start_date': '2020-01-01', 'end_date': '2020-01-31', 'mosaic_reducer': 'median', 'pre_max_gap_days': 60, 'coverage_scale': 31, 'min_overlap_pixels': 1000, 'min_overlap_fraction_of_post': 0.2}
2026-04-29 18:55:31,567 | INFO | AOI cargado desde: D:\Maestria_Geomatica\Semestre_IV\Tesis_Python\Datos\SHP\AOI_25_09_19.shp
2026-04-29 18:56:23,749 | INFO | N imágenes finales: 5
2026-04-29 18:56:23,749 | INFO | Bandas finales: ['VV', 'VH', 'angle', 'VVVH_ratio']
2026-04-29 18:56:29,818 | INFO | Tareas exportadas: 5
2026-04-29 18:56:29,818 | INFO | === END RUN ===
2026-04-29 18:58:31,497 | INFO | === START RUN ===
2026-04-29 18:58:33,835 | INFO | Config cargado: {'year': 2017, 'orbit': 'ASCENDING', 'relative_orbit': None, 'eps': 1e-10, 'kernel_size': 7, 'dem_id': 'USGS/SRTMGL1_003', 'window_days': 6, 'start_date': '2020-01-01', 'end_date': '2020-01-31', 'mosaic_reducer': 'median', 'pre_max_gap_days': 60, 'coverage_scale': 31, 'min_overlap_pixels': 1000, 'min_overlap_fraction_of_post': 0.2}
2026-04-29 18:58:33,932 | INFO | AOI cargado desde: D:\Maestria_Geomatica\Semestre_IV\Tesis_Python\Datos\SHP\AOI_25_09_19.shp
2026-04-29 18:59:05,920 | INFO | === START RUN ===
2026-04-29 18:59:12,214 | INFO | Config cargado: {'year': 2017, 'orbit': 'ASCENDING', 'relative_orbit': None, 'eps': 1e-10, 'kernel_size': 7, 'dem_id': 'USGS/SRTMGL1_003', 'window_days': 6, 'start_date': '2020-02-01', 'end_date': '2020-02-28', 'mosaic_reducer': 'median', 'pre_max_gap_days': 60, 'coverage_scale': 31, 'min_overlap_pixels': 1000, 'min_overlap_fraction_of_post': 0.2}
2026-04-29 18:59:12,280 | INFO | AOI cargado desde: D:\Maestria_Geomatica\Semestre_IV\Tesis_Python\Datos\SHP\AOI_25_09_19.shp
2026-04-29 19:00:57,028 | INFO | === START RUN ===
2026-04-29 19:00:59,065 | INFO | Config cargado: {'year': 2017, 'orbit': 'ASCENDING', 'relative_orbit': None, 'eps': 1e-10, 'kernel_size': 7, 'dem_id': 'USGS/SRTMGL1_003', 'window_days': 6, 'start_date': '2020-02-01', 'end_date': '2020-02-28', 'mosaic_reducer': 'median', 'pre_max_gap_days': 60, 'coverage_scale': 31, 'min_overlap_pixels': 1000, 'min_overlap_fraction_of_post': 0.2}
2026-04-29 19:00:59,121 | INFO | AOI cargado desde: D:\Maestria_Geomatica\Semestre_IV\Tesis_Python\Datos\SHP\AOI_25_09_19.shp
2026-04-29 19:01:57,756 | INFO | N imágenes finales: 3
2026-04-29 19:01:57,758 | INFO | Bandas finales: ['VV', 'VH', 'angle', 'VVVH_ratio']
2026-04-29 19:02:03,141 | INFO | Tareas exportadas: 3
2026-04-29 19:02:03,142 | INFO | === END RUN ===
2026-04-29 19:03:41,997 | INFO | === START RUN ===
2026-04-29 19:03:43,906 | INFO | Config cargado: {'year': 2017, 'orbit': 'ASCENDING', 'relative_orbit': None, 'eps': 1e-10, 'kernel_size': 7, 'dem_id': 'USGS/SRTMGL1_003', 'window_days': 6, 'start_date': '2020-03-01', 'end_date': '2020-03-31', 'mosaic_reducer': 'median', 'pre_max_gap_days': 60, 'coverage_scale': 31, 'min_overlap_pixels': 1000, 'min_overlap_fraction_of_post': 0.2}
2026-04-29 19:03:43,967 | INFO | AOI cargado desde: D:\Maestria_Geomatica\Semestre_IV\Tesis_Python\Datos\SHP\AOI_25_09_19.shp
2026-04-29 19:05:24,350 | INFO | === START RUN ===
2026-04-29 19:05:26,196 | INFO | Config cargado: {'year': 2017, 'orbit': 'ASCENDING', 'relative_orbit': None, 'eps': 1e-10, 'kernel_size': 7, 'dem_id': 'USGS/SRTMGL1_003', 'window_days': 6, 'start_date': '2020-03-01', 'end_date': '2020-03-31', 'mosaic_reducer': 'median', 'pre_max_gap_days': 60, 'coverage_scale': 31, 'min_overlap_pixels': 1000, 'min_overlap_fraction_of_post': 0.2}
2026-04-29 19:05:26,262 | INFO | AOI cargado desde: D:\Maestria_Geomatica\Semestre_IV\Tesis_Python\Datos\SHP\AOI_25_09_19.shp
2026-04-29 19:06:21,067 | INFO | N imágenes finales: 5
2026-04-29 19:06:21,068 | INFO | Bandas finales: ['VV', 'VH', 'angle', 'VVVH_ratio']
2026-04-29 19:06:27,578 | INFO | Tareas exportadas: 5
2026-04-29 19:06:27,578 | INFO | === END RUN ===
2026-04-29 19:11:27,183 | INFO | === START RUN ===
2026-04-29 19:11:29,550 | INFO | Config cargado: {'year': 2017, 'orbit': 'ASCENDING', 'relative_orbit': None, 'eps': 1e-10, 'kernel_size': 7, 'dem_id': 'USGS/SRTMGL1_003', 'window_days': 6, 'start_date': '2020-04-01', 'end_date': '2020-04-30', 'mosaic_reducer': 'median', 'pre_max_gap_days': 60, 'coverage_scale': 31, 'min_overlap_pixels': 1000, 'min_overlap_fraction_of_post': 0.2}
2026-04-29 19:11:29,612 | INFO | AOI cargado desde: D:\Maestria_Geomatica\Semestre_IV\Tesis_Python\Datos\SHP\AOI_25_09_19.shp
2026-04-29 19:12:36,731 | INFO | N imágenes finales: 5
2026-04-29 19:12:36,732 | INFO | Bandas finales: ['VV', 'VH', 'angle', 'VVVH_ratio']
2026-04-29 19:12:45,776 | INFO | Tareas exportadas: 5
2026-04-29 19:12:45,776 | INFO | === END RUN ===
2026-04-29 19:14:48,340 | INFO | === START RUN ===
2026-04-29 19:14:50,341 | INFO | Config cargado: {'year': 2017, 'orbit': 'ASCENDING', 'relative_orbit': None, 'eps': 1e-10, 'kernel_size': 7, 'dem_id': 'USGS/SRTMGL1_003', 'window_days': 6, 'start_date': '2020-05-01', 'end_date': '2020-05-31', 'mosaic_reducer': 'median', 'pre_max_gap_days': 60, 'coverage_scale': 31, 'min_overlap_pixels': 1000, 'min_overlap_fraction_of_post': 0.2}
2026-04-29 19:14:50,398 | INFO | AOI cargado desde: D:\Maestria_Geomatica\Semestre_IV\Tesis_Python\Datos\SHP\AOI_25_09_19.shp
2026-04-29 19:15:52,517 | INFO | N imágenes finales: 5
2026-04-29 19:15:52,518 | INFO | Bandas finales: ['VV', 'VH', 'angle', 'VVVH_ratio']
2026-04-29 19:16:00,696 | INFO | Tareas exportadas: 5
2026-04-29 19:16:00,696 | INFO | === END RUN ===
2026-04-29 19:17:43,820 | INFO | === START RUN ===
2026-04-29 19:17:45,683 | INFO | Config cargado: {'year': 2017, 'orbit': 'ASCENDING', 'relative_orbit': None, 'eps': 1e-10, 'kernel_size': 7, 'dem_id': 'USGS/SRTMGL1_003', 'window_days': 6, 'start_date': '2020-06-01', 'end_date': '2020-06-30', 'mosaic_reducer': 'median', 'pre_max_gap_days': 60, 'coverage_scale': 31, 'min_overlap_pixels': 1000, 'min_overlap_fraction_of_post': 0.2}
2026-04-29 19:17:45,743 | INFO | AOI cargado desde: D:\Maestria_Geomatica\Semestre_IV\Tesis_Python\Datos\SHP\AOI_25_09_19.shp
2026-04-29 19:18:45,883 | INFO | N imágenes finales: 5
2026-04-29 19:18:45,884 | INFO | Bandas finales: ['VV', 'VH', 'angle', 'VVVH_ratio']
2026-04-29 19:18:52,120 | INFO | Tareas exportadas: 5
2026-04-29 19:18:52,120 | INFO | === END RUN ===
2026-04-29 19:20:10,455 | INFO | === START RUN ===
2026-04-29 19:20:12,355 | INFO | Config cargado: {'year': 2017, 'orbit': 'ASCENDING', 'relative_orbit': None, 'eps': 1e-10, 'kernel_size': 7, 'dem_id': 'USGS/SRTMGL1_003', 'window_days': 6, 'start_date': '2020-07-01', 'end_date': '2020-07-30', 'mosaic_reducer': 'median', 'pre_max_gap_days': 60, 'coverage_scale': 31, 'min_overlap_pixels': 1000, 'min_overlap_fraction_of_post': 0.2}
2026-04-29 19:20:12,415 | INFO | AOI cargado desde: D:\Maestria_Geomatica\Semestre_IV\Tesis_Python\Datos\SHP\AOI_25_09_19.shp
2026-04-29 19:21:12,970 | INFO | N imágenes finales: 5
2026-04-29 19:21:12,970 | INFO | Bandas finales: ['VV', 'VH', 'angle', 'VVVH_ratio']
2026-04-29 19:21:19,047 | INFO | Tareas exportadas: 5
2026-04-29 19:21:19,047 | INFO | === END RUN ===
2026-04-29 19:31:40,979 | INFO | === START RUN ===
2026-04-29 19:31:43,017 | INFO | Config cargado: {'year': 2017, 'orbit': 'ASCENDING', 'relative_orbit': None, 'eps': 1e-10, 'kernel_size': 7, 'dem_id': 'USGS/SRTMGL1_003', 'window_days': 6, 'start_date': '2020-08-01', 'end_date': '2020-08-31', 'mosaic_reducer': 'median', 'pre_max_gap_days': 60, 'coverage_scale': 31, 'min_overlap_pixels': 1000, 'min_overlap_fraction_of_post': 0.2}
2026-04-29 19:31:43,075 | INFO | AOI cargado desde: D:\Maestria_Geomatica\Semestre_IV\Tesis_Python\Datos\SHP\AOI_25_09_19.shp
2026-04-29 19:32:49,260 | INFO | N imágenes finales: 4
2026-04-29 19:32:49,260 | INFO | Bandas finales: ['VV', 'VH', 'angle', 'VVVH_ratio']
2026-04-29 19:32:57,820 | INFO | Tareas exportadas: 4
2026-04-29 19:32:57,821 | INFO | === END RUN ===
2026-04-29 19:33:59,959 | INFO | === START RUN ===
2026-04-29 19:34:02,006 | INFO | Config cargado: {'year': 2017, 'orbit': 'ASCENDING', 'relative_orbit': None, 'eps': 1e-10, 'kernel_size': 7, 'dem_id': 'USGS/SRTMGL1_003', 'window_days': 6, 'start_date': '2020-09-01', 'end_date': '2020-09-31', 'mosaic_reducer': 'median', 'pre_max_gap_days': 60, 'coverage_scale': 31, 'min_overlap_pixels': 1000, 'min_overlap_fraction_of_post': 0.2}
2026-04-29 19:34:02,065 | INFO | AOI cargado desde: D:\Maestria_Geomatica\Semestre_IV\Tesis_Python\Datos\SHP\AOI_25_09_19.shp
2026-04-29 19:35:12,337 | INFO | === START RUN ===
2026-04-29 19:35:14,171 | INFO | Config cargado: {'year': 2017, 'orbit': 'ASCENDING', 'relative_orbit': None, 'eps': 1e-10, 'kernel_size': 7, 'dem_id': 'USGS/SRTMGL1_003', 'window_days': 6, 'start_date': '2020-09-01', 'end_date': '2020-09-30', 'mosaic_reducer': 'median', 'pre_max_gap_days': 60, 'coverage_scale': 31, 'min_overlap_pixels': 1000, 'min_overlap_fraction_of_post': 0.2}
2026-04-29 19:35:14,228 | INFO | AOI cargado desde: D:\Maestria_Geomatica\Semestre_IV\Tesis_Python\Datos\SHP\AOI_25_09_19.shp
2026-04-29 19:36:19,708 | INFO | N imágenes finales: 5
2026-04-29 19:36:19,708 | INFO | Bandas finales: ['VV', 'VH', 'angle', 'VVVH_ratio']
2026-04-29 19:36:28,274 | INFO | Tareas exportadas: 5
2026-04-29 19:36:28,274 | INFO | === END RUN ===
2026-04-29 19:42:10,147 | INFO | === START RUN ===
2026-04-29 19:42:12,082 | INFO | Config cargado: {'year': 2017, 'orbit': 'ASCENDING', 'relative_orbit': None, 'eps': 1e-10, 'kernel_size': 7, 'dem_id': 'USGS/SRTMGL1_003', 'window_days': 6, 'start_date': '2020-10-01', 'end_date': '2020-10-31', 'mosaic_reducer': 'median', 'pre_max_gap_days': 60, 'coverage_scale': 31, 'min_overlap_pixels': 1000, 'min_overlap_fraction_of_post': 0.2}
2026-04-29 19:42:12,146 | INFO | AOI cargado desde: D:\Maestria_Geomatica\Semestre_IV\Tesis_Python\Datos\SHP\AOI_25_09_19.shp
2026-04-29 19:43:14,909 | INFO | N imágenes finales: 5
2026-04-29 19:43:14,909 | INFO | Bandas finales: ['VV', 'VH', 'angle', 'VVVH_ratio']
2026-04-29 19:43:21,722 | INFO | Tareas exportadas: 5
2026-04-29 19:43:21,724 | INFO | === END RUN ===
2026-04-29 19:49:05,826 | INFO | === START RUN ===
2026-04-29 19:49:08,564 | INFO | Config cargado: {'year': 2017, 'orbit': 'ASCENDING', 'relative_orbit': None, 'eps': 1e-10, 'kernel_size': 7, 'dem_id': 'USGS/SRTMGL1_003', 'window_days': 6, 'start_date': '2020-11-01', 'end_date': '2020-11-30', 'mosaic_reducer': 'median', 'pre_max_gap_days': 60, 'coverage_scale': 31, 'min_overlap_pixels': 1000, 'min_overlap_fraction_of_post': 0.2}
2026-04-29 19:49:08,625 | INFO | AOI cargado desde: D:\Maestria_Geomatica\Semestre_IV\Tesis_Python\Datos\SHP\AOI_25_09_19.shp
2026-04-29 19:50:05,932 | INFO | N imágenes finales: 3
2026-04-29 19:50:05,932 | INFO | Bandas finales: ['VV', 'VH', 'angle', 'VVVH_ratio']
2026-04-29 19:50:10,623 | INFO | Tareas exportadas: 3
2026-04-29 19:50:10,625 | INFO | === END RUN ===
2026-04-29 19:53:52,940 | INFO | === START RUN ===
2026-04-29 19:53:55,117 | INFO | Config cargado: {'year': 2017, 'orbit': 'ASCENDING', 'relative_orbit': None, 'eps': 1e-10, 'kernel_size': 7, 'dem_id': 'USGS/SRTMGL1_003', 'window_days': 6, 'start_date': '2020-12-01', 'end_date': '2020-12-31', 'mosaic_reducer': 'median', 'pre_max_gap_days': 60, 'coverage_scale': 31, 'min_overlap_pixels': 1000, 'min_overlap_fraction_of_post': 0.2}
2026-04-29 19:53:55,183 | INFO | AOI cargado desde: D:\Maestria_Geomatica\Semestre_IV\Tesis_Python\Datos\SHP\AOI_25_09_19.shp
2026-04-29 19:54:38,755 | INFO | N imágenes finales: 2
2026-04-29 19:54:38,755 | INFO | Bandas finales: ['VV', 'VH', 'angle', 'VVVH_ratio']
2026-04-29 19:54:43,248 | INFO | Tareas exportadas: 2
2026-04-29 19:54:43,249 | INFO | === END RUN ===
2026-04-29 19:57:45,541 | INFO | === START RUN ===
2026-04-29 19:57:47,412 | INFO | Config cargado: {'year': 2017, 'orbit': 'ASCENDING', 'relative_orbit': None, 'eps': 1e-10, 'kernel_size': 7, 'dem_id': 'USGS/SRTMGL1_003', 'window_days': 6, 'start_date': '2021-01-01', 'end_date': '2021-01-31', 'mosaic_reducer': 'median', 'pre_max_gap_days': 60, 'coverage_scale': 31, 'min_overlap_pixels': 1000, 'min_overlap_fraction_of_post': 0.2}
2026-04-29 19:57:47,471 | INFO | AOI cargado desde: D:\Maestria_Geomatica\Semestre_IV\Tesis_Python\Datos\SHP\AOI_25_09_19.shp
2026-04-29 19:58:40,410 | INFO | N imágenes finales: 5
2026-04-29 19:58:40,411 | INFO | Bandas finales: ['VV', 'VH', 'angle', 'VVVH_ratio']
2026-04-29 19:58:46,335 | INFO | Tareas exportadas: 5
2026-04-29 19:58:46,336 | INFO | === END RUN ===
2026-04-29 20:04:19,550 | INFO | === START RUN ===
2026-04-29 20:04:21,427 | INFO | Config cargado: {'year': 2017, 'orbit': 'ASCENDING', 'relative_orbit': None, 'eps': 1e-10, 'kernel_size': 7, 'dem_id': 'USGS/SRTMGL1_003', 'window_days': 6, 'start_date': '2021-02-01', 'end_date': '2021-02-31', 'mosaic_reducer': 'median', 'pre_max_gap_days': 60, 'coverage_scale': 31, 'min_overlap_pixels': 1000, 'min_overlap_fraction_of_post': 0.2}
2026-04-29 20:04:21,493 | INFO | AOI cargado desde: D:\Maestria_Geomatica\Semestre_IV\Tesis_Python\Datos\SHP\AOI_25_09_19.shp
2026-04-29 20:06:08,221 | INFO | === START RUN ===
2026-04-29 20:06:10,252 | INFO | Config cargado: {'year': 2017, 'orbit': 'ASCENDING', 'relative_orbit': None, 'eps': 1e-10, 'kernel_size': 7, 'dem_id': 'USGS/SRTMGL1_003', 'window_days': 6, 'start_date': '2021-02-01', 'end_date': '2021-02-28', 'mosaic_reducer': 'median', 'pre_max_gap_days': 60, 'coverage_scale': 31, 'min_overlap_pixels': 1000, 'min_overlap_fraction_of_post': 0.2}
2026-04-29 20:06:10,314 | INFO | AOI cargado desde: D:\Maestria_Geomatica\Semestre_IV\Tesis_Python\Datos\SHP\AOI_25_09_19.shp
2026-04-29 20:07:04,117 | INFO | N imágenes finales: 4
2026-04-29 20:07:04,117 | INFO | Bandas finales: ['VV', 'VH', 'angle', 'VVVH_ratio']
2026-04-29 20:07:10,651 | INFO | Tareas exportadas: 4
2026-04-29 20:07:10,651 | INFO | === END RUN ===
2026-04-29 20:09:00,726 | INFO | === START RUN ===
2026-04-29 20:09:03,911 | INFO | Config cargado: {'year': 2017, 'orbit': 'ASCENDING', 'relative_orbit': None, 'eps': 1e-10, 'kernel_size': 7, 'dem_id': 'USGS/SRTMGL1_003', 'window_days': 6, 'start_date': '2021-03-01', 'end_date': '2021-03-31', 'mosaic_reducer': 'median', 'pre_max_gap_days': 60, 'coverage_scale': 31, 'min_overlap_pixels': 1000, 'min_overlap_fraction_of_post': 0.2}
2026-04-29 20:09:03,974 | INFO | AOI cargado desde: D:\Maestria_Geomatica\Semestre_IV\Tesis_Python\Datos\SHP\AOI_25_09_19.shp
2026-04-29 20:09:49,637 | INFO | N imágenes finales: 1
2026-04-29 20:09:49,638 | INFO | Bandas finales: ['VV', 'VH', 'angle', 'VVVH_ratio']
2026-04-29 20:09:52,993 | INFO | Tareas exportadas: 1
2026-04-29 20:09:52,993 | INFO | === END RUN ===
2026-04-30 09:55:30,386 | INFO | === START RUN ===
2026-04-30 09:56:18,008 | INFO | Config cargado: {'year': 2017, 'orbit': 'ASCENDING', 'relative_orbit': None, 'eps': 1e-10, 'kernel_size': 7, 'dem_id': 'USGS/SRTMGL1_003', 'window_days': 6, 'start_date': '2021-04-01', 'end_date': '2021-04-31', 'mosaic_reducer': 'median', 'pre_max_gap_days': 60, 'coverage_scale': 31, 'min_overlap_pixels': 1000, 'min_overlap_fraction_of_post': 0.2}
2026-04-30 09:56:18,939 | INFO | AOI cargado desde: D:\Maestria_Geomatica\Semestre_IV\Tesis_Python\Datos\SHP\AOI_25_09_19.shp
2026-04-30 09:57:05,801 | INFO | === START RUN ===
2026-04-30 09:57:07,271 | INFO | Config cargado: {'year': 2017, 'orbit': 'ASCENDING', 'relative_orbit': None, 'eps': 1e-10, 'kernel_size': 7, 'dem_id': 'USGS/SRTMGL1_003', 'window_days': 6, 'start_date': '2021-04-01', 'end_date': '2021-04-31', 'mosaic_reducer': 'median', 'pre_max_gap_days': 60, 'coverage_scale': 31, 'min_overlap_pixels': 1000, 'min_overlap_fraction_of_post': 0.2}
2026-04-30 09:57:07,287 | INFO | AOI cargado desde: D:\Maestria_Geomatica\Semestre_IV\Tesis_Python\Datos\SHP\AOI_25_09_19.shp
2026-04-30 09:57:31,618 | INFO | === START RUN ===
2026-04-30 09:57:34,691 | INFO | Config cargado: {'year': 2017, 'orbit': 'ASCENDING', 'relative_orbit': None, 'eps': 1e-10, 'kernel_size': 7, 'dem_id': 'USGS/SRTMGL1_003', 'window_days': 6, 'start_date': '2021-04-01', 'end_date': '2021-04-31', 'mosaic_reducer': 'median', 'pre_max_gap_days': 60, 'coverage_scale': 31, 'min_overlap_pixels': 1000, 'min_overlap_fraction_of_post': 0.2}
2026-04-30 09:57:34,888 | INFO | AOI cargado desde: D:\Maestria_Geomatica\Semestre_IV\Tesis_Python\Datos\SHP\AOI_25_09_19.shp
2026-04-30 09:58:07,726 | INFO | === START RUN ===
2026-04-30 09:58:10,285 | INFO | Config cargado: {'year': 2017, 'orbit': 'ASCENDING', 'relative_orbit': None, 'eps': 1e-10, 'kernel_size': 7, 'dem_id': 'USGS/SRTMGL1_003', 'window_days': 6, 'start_date': '2021-04-01', 'end_date': '2021-04-30', 'mosaic_reducer': 'median', 'pre_max_gap_days': 60, 'coverage_scale': 31, 'min_overlap_pixels': 1000, 'min_overlap_fraction_of_post': 0.2}
2026-04-30 09:58:10,376 | INFO | AOI cargado desde: D:\Maestria_Geomatica\Semestre_IV\Tesis_Python\Datos\SHP\AOI_25_09_19.shp
2026-04-30 09:59:07,057 | INFO | N imágenes finales: 4
2026-04-30 09:59:07,060 | INFO | Bandas finales: ['VV', 'VH', 'angle', 'VVVH_ratio']
2026-04-30 09:59:13,076 | INFO | Tareas exportadas: 4
2026-04-30 09:59:13,076 | INFO | === END RUN ===
2026-04-30 10:05:19,187 | INFO | === START RUN ===
2026-04-30 10:05:22,102 | INFO | Config cargado: {'year': 2017, 'orbit': 'ASCENDING', 'relative_orbit': None, 'eps': 1e-10, 'kernel_size': 7, 'dem_id': 'USGS/SRTMGL1_003', 'window_days': 6, 'start_date': '2021-05-01', 'end_date': '2021-05-30', 'mosaic_reducer': 'median', 'pre_max_gap_days': 60, 'coverage_scale': 31, 'min_overlap_pixels': 1000, 'min_overlap_fraction_of_post': 0.2}
2026-04-30 10:05:22,195 | INFO | AOI cargado desde: D:\Maestria_Geomatica\Semestre_IV\Tesis_Python\Datos\SHP\AOI_25_09_19.shp
2026-04-30 10:06:25,308 | INFO | N imágenes finales: 5
2026-04-30 10:06:25,309 | INFO | Bandas finales: ['VV', 'VH', 'angle', 'VVVH_ratio']
2026-04-30 10:06:32,710 | INFO | Tareas exportadas: 5
2026-04-30 10:06:32,712 | INFO | === END RUN ===
2026-04-30 10:07:57,580 | INFO | === START RUN ===
2026-04-30 10:08:00,379 | INFO | Config cargado: {'year': 2017, 'orbit': 'ASCENDING', 'relative_orbit': None, 'eps': 1e-10, 'kernel_size': 7, 'dem_id': 'USGS/SRTMGL1_003', 'window_days': 6, 'start_date': '2021-06-01', 'end_date': '2021-06-30', 'mosaic_reducer': 'median', 'pre_max_gap_days': 60, 'coverage_scale': 31, 'min_overlap_pixels': 1000, 'min_overlap_fraction_of_post': 0.2}
2026-04-30 10:08:00,450 | INFO | AOI cargado desde: D:\Maestria_Geomatica\Semestre_IV\Tesis_Python\Datos\SHP\AOI_25_09_19.shp
2026-04-30 10:09:14,079 | INFO | N imágenes finales: 5
2026-04-30 10:09:14,080 | INFO | Bandas finales: ['VV', 'VH', 'angle', 'VVVH_ratio']
2026-04-30 10:09:21,892 | INFO | Tareas exportadas: 5
2026-04-30 10:09:21,892 | INFO | === END RUN ===
2026-04-30 10:10:30,906 | INFO | === START RUN ===
2026-04-30 10:10:34,172 | INFO | Config cargado: {'year': 2017, 'orbit': 'ASCENDING', 'relative_orbit': None, 'eps': 1e-10, 'kernel_size': 7, 'dem_id': 'USGS/SRTMGL1_003', 'window_days': 6, 'start_date': '2021-07-01', 'end_date': '2021-07-30', 'mosaic_reducer': 'median', 'pre_max_gap_days': 60, 'coverage_scale': 31, 'min_overlap_pixels': 1000, 'min_overlap_fraction_of_post': 0.2}
2026-04-30 10:10:34,311 | INFO | AOI cargado desde: D:\Maestria_Geomatica\Semestre_IV\Tesis_Python\Datos\SHP\AOI_25_09_19.shp
2026-04-30 10:11:41,744 | INFO | N imágenes finales: 5
2026-04-30 10:11:41,746 | INFO | Bandas finales: ['VV', 'VH', 'angle', 'VVVH_ratio']
2026-04-30 10:11:49,849 | INFO | Tareas exportadas: 5
2026-04-30 10:11:49,851 | INFO | === END RUN ===
2026-04-30 10:13:15,750 | INFO | === START RUN ===
2026-04-30 10:13:18,629 | INFO | Config cargado: {'year': 2017, 'orbit': 'ASCENDING', 'relative_orbit': None, 'eps': 1e-10, 'kernel_size': 7, 'dem_id': 'USGS/SRTMGL1_003', 'window_days': 6, 'start_date': '2021-08-01', 'end_date': '2021-07-30', 'mosaic_reducer': 'median', 'pre_max_gap_days': 60, 'coverage_scale': 31, 'min_overlap_pixels': 1000, 'min_overlap_fraction_of_post': 0.2}
2026-04-30 10:13:18,808 | INFO | AOI cargado desde: D:\Maestria_Geomatica\Semestre_IV\Tesis_Python\Datos\SHP\AOI_25_09_19.shp
2026-04-30 10:14:03,807 | INFO | === START RUN ===
2026-04-30 10:14:06,621 | INFO | Config cargado: {'year': 2017, 'orbit': 'ASCENDING', 'relative_orbit': None, 'eps': 1e-10, 'kernel_size': 7, 'dem_id': 'USGS/SRTMGL1_003', 'window_days': 6, 'start_date': '2021-08-01', 'end_date': '2021-08-30', 'mosaic_reducer': 'median', 'pre_max_gap_days': 60, 'coverage_scale': 31, 'min_overlap_pixels': 1000, 'min_overlap_fraction_of_post': 0.2}
2026-04-30 10:14:06,753 | INFO | AOI cargado desde: D:\Maestria_Geomatica\Semestre_IV\Tesis_Python\Datos\SHP\AOI_25_09_19.shp
2026-04-30 10:15:31,788 | INFO | N imágenes finales: 5
2026-04-30 10:15:31,788 | INFO | Bandas finales: ['VV', 'VH', 'angle', 'VVVH_ratio']
2026-04-30 10:15:44,528 | INFO | Tareas exportadas: 5
2026-04-30 10:15:44,529 | INFO | === END RUN ===
2026-04-30 10:16:56,790 | INFO | === START RUN ===
2026-04-30 10:16:59,943 | INFO | Config cargado: {'year': 2017, 'orbit': 'ASCENDING', 'relative_orbit': None, 'eps': 1e-10, 'kernel_size': 7, 'dem_id': 'USGS/SRTMGL1_003', 'window_days': 6, 'start_date': '2021-08-01', 'end_date': '2021-08-30', 'mosaic_reducer': 'median', 'pre_max_gap_days': 60, 'coverage_scale': 31, 'min_overlap_pixels': 1000, 'min_overlap_fraction_of_post': 0.2}
2026-04-30 10:17:00,097 | INFO | AOI cargado desde: D:\Maestria_Geomatica\Semestre_IV\Tesis_Python\Datos\SHP\AOI_25_09_19.shp
2026-04-30 10:17:30,908 | INFO | === START RUN ===
2026-04-30 10:17:34,051 | INFO | Config cargado: {'year': 2017, 'orbit': 'ASCENDING', 'relative_orbit': None, 'eps': 1e-10, 'kernel_size': 7, 'dem_id': 'USGS/SRTMGL1_003', 'window_days': 6, 'start_date': '2021-09-01', 'end_date': '2021-09-30', 'mosaic_reducer': 'median', 'pre_max_gap_days': 60, 'coverage_scale': 31, 'min_overlap_pixels': 1000, 'min_overlap_fraction_of_post': 0.2}
2026-04-30 10:17:34,191 | INFO | AOI cargado desde: D:\Maestria_Geomatica\Semestre_IV\Tesis_Python\Datos\SHP\AOI_25_09_19.shp
2026-04-30 10:19:08,548 | INFO | N imágenes finales: 5
2026-04-30 10:19:08,548 | INFO | Bandas finales: ['VV', 'VH', 'angle', 'VVVH_ratio']
2026-04-30 10:19:15,510 | INFO | Tareas exportadas: 5
2026-04-30 10:19:15,510 | INFO | === END RUN ===
2026-04-30 10:23:09,887 | INFO | === START RUN ===
2026-04-30 10:23:12,838 | INFO | Config cargado: {'year': 2017, 'orbit': 'ASCENDING', 'relative_orbit': None, 'eps': 1e-10, 'kernel_size': 7, 'dem_id': 'USGS/SRTMGL1_003', 'window_days': 6, 'start_date': '2021-10-01', 'end_date': '2021-10-30', 'mosaic_reducer': 'median', 'pre_max_gap_days': 60, 'coverage_scale': 31, 'min_overlap_pixels': 1000, 'min_overlap_fraction_of_post': 0.2}
2026-04-30 10:23:12,909 | INFO | AOI cargado desde: D:\Maestria_Geomatica\Semestre_IV\Tesis_Python\Datos\SHP\AOI_25_09_19.shp
2026-04-30 10:24:11,160 | INFO | N imágenes finales: 4
2026-04-30 10:24:11,161 | INFO | Bandas finales: ['VV', 'VH', 'angle', 'VVVH_ratio']
2026-04-30 10:24:21,457 | INFO | Tareas exportadas: 4
2026-04-30 10:24:21,458 | INFO | === END RUN ===
2026-04-30 10:26:05,798 | INFO | === START RUN ===
2026-04-30 10:26:09,033 | INFO | Config cargado: {'year': 2017, 'orbit': 'ASCENDING', 'relative_orbit': None, 'eps': 1e-10, 'kernel_size': 7, 'dem_id': 'USGS/SRTMGL1_003', 'window_days': 6, 'start_date': '2021-10-01', 'end_date': '2021-10-30', 'mosaic_reducer': 'median', 'pre_max_gap_days': 60, 'coverage_scale': 31, 'min_overlap_pixels': 1000, 'min_overlap_fraction_of_post': 0.2}
2026-04-30 10:26:09,133 | INFO | AOI cargado desde: D:\Maestria_Geomatica\Semestre_IV\Tesis_Python\Datos\SHP\AOI_25_09_19.shp
2026-04-30 10:26:45,145 | INFO | === START RUN ===
2026-04-30 10:26:48,007 | INFO | Config cargado: {'year': 2017, 'orbit': 'ASCENDING', 'relative_orbit': None, 'eps': 1e-10, 'kernel_size': 7, 'dem_id': 'USGS/SRTMGL1_003', 'window_days': 6, 'start_date': '2021-11-01', 'end_date': '2021-11-30', 'mosaic_reducer': 'median', 'pre_max_gap_days': 60, 'coverage_scale': 31, 'min_overlap_pixels': 1000, 'min_overlap_fraction_of_post': 0.2}
2026-04-30 10:26:48,143 | INFO | AOI cargado desde: D:\Maestria_Geomatica\Semestre_IV\Tesis_Python\Datos\SHP\AOI_25_09_19.shp
2026-04-30 10:27:43,123 | INFO | N imágenes finales: 4
2026-04-30 10:27:43,125 | INFO | Bandas finales: ['VV', 'VH', 'angle', 'VVVH_ratio']
2026-04-30 10:27:48,388 | INFO | Tareas exportadas: 4
2026-04-30 10:27:48,390 | INFO | === END RUN ===
2026-04-30 10:31:06,001 | INFO | === START RUN ===
2026-04-30 10:31:09,033 | INFO | Config cargado: {'year': 2017, 'orbit': 'ASCENDING', 'relative_orbit': None, 'eps': 1e-10, 'kernel_size': 7, 'dem_id': 'USGS/SRTMGL1_003', 'window_days': 6, 'start_date': '2021-11-01', 'end_date': '2021-11-30', 'mosaic_reducer': 'median', 'pre_max_gap_days': 60, 'coverage_scale': 31, 'min_overlap_pixels': 1000, 'min_overlap_fraction_of_post': 0.2}
2026-04-30 10:31:09,169 | INFO | AOI cargado desde: D:\Maestria_Geomatica\Semestre_IV\Tesis_Python\Datos\SHP\AOI_25_09_19.shp
2026-04-30 10:32:00,812 | INFO | === START RUN ===
2026-04-30 10:32:03,769 | INFO | Config cargado: {'year': 2017, 'orbit': 'ASCENDING', 'relative_orbit': None, 'eps': 1e-10, 'kernel_size': 7, 'dem_id': 'USGS/SRTMGL1_003', 'window_days': 6, 'start_date': '2021-11-01', 'end_date': '2021-11-30', 'mosaic_reducer': 'median', 'pre_max_gap_days': 60, 'coverage_scale': 31, 'min_overlap_pixels': 1000, 'min_overlap_fraction_of_post': 0.2}
2026-04-30 10:32:03,866 | INFO | AOI cargado desde: D:\Maestria_Geomatica\Semestre_IV\Tesis_Python\Datos\SHP\AOI_25_09_19.shp
2026-04-30 10:32:37,101 | INFO | === START RUN ===
2026-04-30 10:32:40,171 | INFO | Config cargado: {'year': 2017, 'orbit': 'ASCENDING', 'relative_orbit': None, 'eps': 1e-10, 'kernel_size': 7, 'dem_id': 'USGS/SRTMGL1_003', 'window_days': 6, 'start_date': '2021-12-01', 'end_date': '2021-12-30', 'mosaic_reducer': 'median', 'pre_max_gap_days': 60, 'coverage_scale': 31, 'min_overlap_pixels': 1000, 'min_overlap_fraction_of_post': 0.2}
2026-04-30 10:32:40,309 | INFO | AOI cargado desde: D:\Maestria_Geomatica\Semestre_IV\Tesis_Python\Datos\SHP\AOI_25_09_19.shp
2026-04-30 10:35:27,114 | INFO | N imágenes finales: 3
2026-04-30 10:35:27,115 | INFO | Bandas finales: ['VV', 'VH', 'angle', 'VVVH_ratio']
2026-04-30 10:35:32,864 | INFO | Tareas exportadas: 3
2026-04-30 10:35:32,865 | INFO | === END RUN ===
2026-04-30 10:39:23,782 | INFO | === START RUN ===
2026-04-30 10:39:25,515 | INFO | Config cargado: {'year': 2017, 'orbit': 'ASCENDING', 'relative_orbit': None, 'eps': 1e-10, 'kernel_size': 7, 'dem_id': 'USGS/SRTMGL1_003', 'window_days': 6, 'start_date': '2022-01-01', 'end_date': '2022-01-30', 'mosaic_reducer': 'median', 'pre_max_gap_days': 60, 'coverage_scale': 31, 'min_overlap_pixels': 1000, 'min_overlap_fraction_of_post': 0.2}
2026-04-30 10:39:25,572 | INFO | AOI cargado desde: D:\Maestria_Geomatica\Semestre_IV\Tesis_Python\Datos\SHP\AOI_25_09_19.shp
2026-04-30 10:41:05,689 | INFO | === START RUN ===
2026-04-30 10:41:07,636 | INFO | Config cargado: {'year': 2017, 'orbit': 'ASCENDING', 'relative_orbit': None, 'eps': 1e-10, 'kernel_size': 7, 'dem_id': 'USGS/SRTMGL1_003', 'window_days': 6, 'start_date': '2022-01-01', 'end_date': '2022-01-30', 'mosaic_reducer': 'median', 'pre_max_gap_days': 60, 'coverage_scale': 31, 'min_overlap_pixels': 1000, 'min_overlap_fraction_of_post': 0.2}
2026-04-30 10:41:07,689 | INFO | AOI cargado desde: D:\Maestria_Geomatica\Semestre_IV\Tesis_Python\Datos\SHP\AOI_25_09_19.shp
